action: GLOB, msg: packaging
cwd: /home/leo/d/Benchmarking/s3prl
cmd: /home/leo/venv/benchmark/bin/python setup.py sdist --formats=zip --dist-dir .tox/dist
running sdist
running egg_info
writing s3prl.egg-info/PKG-INFO
writing dependency_links to s3prl.egg-info/dependency_links.txt
writing entry points to s3prl.egg-info/entry_points.txt
writing requirements to s3prl.egg-info/requires.txt
writing top-level names to s3prl.egg-info/top_level.txt
reading manifest file 's3prl.egg-info/SOURCES.txt'
writing manifest file 's3prl.egg-info/SOURCES.txt'
running check
creating s3prl-0.4.2
creating s3prl-0.4.2/requirements
creating s3prl-0.4.2/s3prl
creating s3prl-0.4.2/s3prl.egg-info
creating s3prl-0.4.2/s3prl/dataio
creating s3prl-0.4.2/s3prl/dataio/corpus
creating s3prl-0.4.2/s3prl/dataio/encoder
creating s3prl-0.4.2/s3prl/dataio/sampler
creating s3prl-0.4.2/s3prl/dataset
creating s3prl-0.4.2/s3prl/downstream
creating s3prl-0.4.2/s3prl/downstream/a2o-vc-vcc2020
creating s3prl-0.4.2/s3prl/downstream/asr
creating s3prl-0.4.2/s3prl/downstream/asr_lxt
creating s3prl-0.4.2/s3prl/downstream/atis
creating s3prl-0.4.2/s3prl/downstream/audio_snips
creating s3prl-0.4.2/s3prl/downstream/ctc
creating s3prl-0.4.2/s3prl/downstream/diarization
creating s3prl-0.4.2/s3prl/downstream/emotion
creating s3prl-0.4.2/s3prl/downstream/enhancement_stft
creating s3prl-0.4.2/s3prl/downstream/example
creating s3prl-0.4.2/s3prl/downstream/fluent_commands
creating s3prl-0.4.2/s3prl/downstream/lxt_dtw
creating s3prl-0.4.2/s3prl/downstream/lxt_emotion
creating s3prl-0.4.2/s3prl/downstream/mos_prediction
creating s3prl-0.4.2/s3prl/downstream/mosei
creating s3prl-0.4.2/s3prl/downstream/phone_1hidden
creating s3prl-0.4.2/s3prl/downstream/phone_linear
creating s3prl-0.4.2/s3prl/downstream/phone_linear_concat
creating s3prl-0.4.2/s3prl/downstream/quesst14_dtw
creating s3prl-0.4.2/s3prl/downstream/quesst14_embedding
creating s3prl-0.4.2/s3prl/downstream/separation_stft
creating s3prl-0.4.2/s3prl/downstream/sid_lxt
creating s3prl-0.4.2/s3prl/downstream/speaker_linear_frame_libri
creating s3prl-0.4.2/s3prl/downstream/speaker_linear_utter_libri
creating s3prl-0.4.2/s3prl/downstream/speech_commands
creating s3prl-0.4.2/s3prl/downstream/speech_translation
creating s3prl-0.4.2/s3prl/downstream/sv_lxt
creating s3prl-0.4.2/s3prl/downstream/sv_lxt_ge2e
creating s3prl-0.4.2/s3prl/downstream/sv_voxceleb1
creating s3prl-0.4.2/s3prl/downstream/sws2013
creating s3prl-0.4.2/s3prl/downstream/timit_phone
creating s3prl-0.4.2/s3prl/downstream/timit_phone_1hidden
creating s3prl-0.4.2/s3prl/downstream/timit_phone_linear
creating s3prl-0.4.2/s3prl/downstream/timit_phone_linear_concat
creating s3prl-0.4.2/s3prl/downstream/voxceleb1
creating s3prl-0.4.2/s3prl/downstream/voxceleb1_framelevel
creating s3prl-0.4.2/s3prl/downstream/voxceleb2_amsoftmax_segment_eval
creating s3prl-0.4.2/s3prl/downstream/voxceleb2_ge2e
creating s3prl-0.4.2/s3prl/metric
creating s3prl-0.4.2/s3prl/nn
creating s3prl-0.4.2/s3prl/preprocessor
creating s3prl-0.4.2/s3prl/pretrain
creating s3prl-0.4.2/s3prl/pretrain/apc
creating s3prl-0.4.2/s3prl/pretrain/audio_albert
creating s3prl-0.4.2/s3prl/pretrain/mockingjay
creating s3prl-0.4.2/s3prl/pretrain/npc
creating s3prl-0.4.2/s3prl/pretrain/spec_augment
creating s3prl-0.4.2/s3prl/pretrain/tera
creating s3prl-0.4.2/s3prl/pretrain/vq_apc
creating s3prl-0.4.2/s3prl/problem
creating s3prl-0.4.2/s3prl/problem/asr
creating s3prl-0.4.2/s3prl/problem/asv
creating s3prl-0.4.2/s3prl/problem/common
creating s3prl-0.4.2/s3prl/problem/diarization
creating s3prl-0.4.2/s3prl/task
creating s3prl-0.4.2/s3prl/upstream
creating s3prl-0.4.2/s3prl/upstream/apc
creating s3prl-0.4.2/s3prl/upstream/audio_albert
creating s3prl-0.4.2/s3prl/upstream/baseline
creating s3prl-0.4.2/s3prl/upstream/byol_a
creating s3prl-0.4.2/s3prl/upstream/cpc
creating s3prl-0.4.2/s3prl/upstream/data2vec
creating s3prl-0.4.2/s3prl/upstream/decoar
creating s3prl-0.4.2/s3prl/upstream/decoar2
creating s3prl-0.4.2/s3prl/upstream/decoar_layers
creating s3prl-0.4.2/s3prl/upstream/distiller
creating s3prl-0.4.2/s3prl/upstream/example
creating s3prl-0.4.2/s3prl/upstream/hubert
creating s3prl-0.4.2/s3prl/upstream/log_stft
creating s3prl-0.4.2/s3prl/upstream/mockingjay
creating s3prl-0.4.2/s3prl/upstream/mos_prediction
creating s3prl-0.4.2/s3prl/upstream/npc
creating s3prl-0.4.2/s3prl/upstream/pase
creating s3prl-0.4.2/s3prl/upstream/roberta
creating s3prl-0.4.2/s3prl/upstream/spec_augment
creating s3prl-0.4.2/s3prl/upstream/tera
creating s3prl-0.4.2/s3prl/upstream/unispeech_sat
creating s3prl-0.4.2/s3prl/upstream/vq_apc
creating s3prl-0.4.2/s3prl/upstream/vq_wav2vec
creating s3prl-0.4.2/s3prl/upstream/wav2vec
creating s3prl-0.4.2/s3prl/upstream/wav2vec2
creating s3prl-0.4.2/s3prl/upstream/wavlm
creating s3prl-0.4.2/s3prl/util
creating s3prl-0.4.2/s3prl/utility
creating s3prl-0.4.2/test
copying files to s3prl-0.4.2...
copying README.md -> s3prl-0.4.2
copying setup.cfg -> s3prl-0.4.2
copying setup.py -> s3prl-0.4.2
copying requirements/all.txt -> s3prl-0.4.2/requirements
copying requirements/dev.txt -> s3prl-0.4.2/requirements
copying requirements/install.txt -> s3prl-0.4.2/requirements
copying s3prl/__init__.py -> s3prl-0.4.2/s3prl
copying s3prl/hub.py -> s3prl-0.4.2/s3prl
copying s3prl/main.py -> s3prl-0.4.2/s3prl
copying s3prl/optimizers.py -> s3prl-0.4.2/s3prl
copying s3prl/run_downstream.py -> s3prl-0.4.2/s3prl
copying s3prl/run_pretrain.py -> s3prl-0.4.2/s3prl
copying s3prl/schedulers.py -> s3prl-0.4.2/s3prl
copying s3prl/version.txt -> s3prl-0.4.2/s3prl
copying s3prl.egg-info/PKG-INFO -> s3prl-0.4.2/s3prl.egg-info
copying s3prl.egg-info/SOURCES.txt -> s3prl-0.4.2/s3prl.egg-info
copying s3prl.egg-info/dependency_links.txt -> s3prl-0.4.2/s3prl.egg-info
copying s3prl.egg-info/entry_points.txt -> s3prl-0.4.2/s3prl.egg-info
copying s3prl.egg-info/requires.txt -> s3prl-0.4.2/s3prl.egg-info
copying s3prl.egg-info/top_level.txt -> s3prl-0.4.2/s3prl.egg-info
copying s3prl/dataio/__init__.py -> s3prl-0.4.2/s3prl/dataio
copying s3prl/dataio/corpus/__init__.py -> s3prl-0.4.2/s3prl/dataio/corpus
copying s3prl/dataio/corpus/base.py -> s3prl-0.4.2/s3prl/dataio/corpus
copying s3prl/dataio/corpus/fluent_speech_commands.py -> s3prl-0.4.2/s3prl/dataio/corpus
copying s3prl/dataio/corpus/iemocap.py -> s3prl-0.4.2/s3prl/dataio/corpus
copying s3prl/dataio/corpus/kaldi.py -> s3prl-0.4.2/s3prl/dataio/corpus
copying s3prl/dataio/corpus/librilight.py -> s3prl-0.4.2/s3prl/dataio/corpus
copying s3prl/dataio/corpus/librispeech.py -> s3prl-0.4.2/s3prl/dataio/corpus
copying s3prl/dataio/corpus/librispeech_for_pretrain.py -> s3prl-0.4.2/s3prl/dataio/corpus
copying s3prl/dataio/corpus/quesst14.py -> s3prl-0.4.2/s3prl/dataio/corpus
copying s3prl/dataio/corpus/snips.py -> s3prl-0.4.2/s3prl/dataio/corpus
copying s3prl/dataio/corpus/speech_commands.py -> s3prl-0.4.2/s3prl/dataio/corpus
copying s3prl/dataio/corpus/voxceleb1sid.py -> s3prl-0.4.2/s3prl/dataio/corpus
copying s3prl/dataio/corpus/voxceleb1sv.py -> s3prl-0.4.2/s3prl/dataio/corpus
copying s3prl/dataio/encoder/__init__.py -> s3prl-0.4.2/s3prl/dataio/encoder
copying s3prl/dataio/encoder/category.py -> s3prl-0.4.2/s3prl/dataio/encoder
copying s3prl/dataio/encoder/g2p.py -> s3prl-0.4.2/s3prl/dataio/encoder
copying s3prl/dataio/encoder/tokenizer.py -> s3prl-0.4.2/s3prl/dataio/encoder
copying s3prl/dataio/encoder/vocabulary.py -> s3prl-0.4.2/s3prl/dataio/encoder
copying s3prl/dataio/sampler/__init__.py -> s3prl-0.4.2/s3prl/dataio/sampler
copying s3prl/dataio/sampler/balanced_weighted_sampler.py -> s3prl-0.4.2/s3prl/dataio/sampler
copying s3prl/dataio/sampler/distributed_sampler.py -> s3prl-0.4.2/s3prl/dataio/sampler
copying s3prl/dataio/sampler/fixed_batch_size_batch_sampler.py -> s3prl-0.4.2/s3prl/dataio/sampler
copying s3prl/dataio/sampler/group_same_item_sampler.py -> s3prl-0.4.2/s3prl/dataio/sampler
copying s3prl/dataio/sampler/max_timestamp_batch_sampler.py -> s3prl-0.4.2/s3prl/dataio/sampler
copying s3prl/dataio/sampler/sorted_sampler.py -> s3prl-0.4.2/s3prl/dataio/sampler
copying s3prl/dataset/__init__.py -> s3prl-0.4.2/s3prl/dataset
copying s3prl/dataset/autoregressive_prediction_pipes.py -> s3prl-0.4.2/s3prl/dataset
copying s3prl/dataset/base.py -> s3prl-0.4.2/s3prl/dataset
copying s3prl/dataset/chunking.py -> s3prl-0.4.2/s3prl/dataset
copying s3prl/dataset/common_pipes.py -> s3prl-0.4.2/s3prl/dataset
copying s3prl/dataset/diarization.py -> s3prl-0.4.2/s3prl/dataset
copying s3prl/dataset/extract_feat_pipes.py -> s3prl-0.4.2/s3prl/dataset
copying s3prl/dataset/masked_reconstruction_pipes.py -> s3prl-0.4.2/s3prl/dataset
copying s3prl/dataset/multiclass_tagging.py -> s3prl-0.4.2/s3prl/dataset
copying s3prl/dataset/noise_augmentation_pipes.py -> s3prl-0.4.2/s3prl/dataset
copying s3prl/dataset/norm_wav_pipes.py -> s3prl-0.4.2/s3prl/dataset
copying s3prl/dataset/pretrain_apc_pipe.py -> s3prl-0.4.2/s3prl/dataset
copying s3prl/dataset/pretrain_audioalbert_pipe.py -> s3prl-0.4.2/s3prl/dataset
copying s3prl/dataset/pretrain_mockingjay_pipe.py -> s3prl-0.4.2/s3prl/dataset
copying s3prl/dataset/pretrain_tera_pipe.py -> s3prl-0.4.2/s3prl/dataset
copying s3prl/dataset/speaker_verification_pipe.py -> s3prl-0.4.2/s3prl/dataset
copying s3prl/dataset/speech2phoneme_pipe.py -> s3prl-0.4.2/s3prl/dataset
copying s3prl/dataset/speech2text_pipe.py -> s3prl-0.4.2/s3prl/dataset
copying s3prl/dataset/utterance_classification_pipe.py -> s3prl-0.4.2/s3prl/dataset
copying s3prl/downstream/__init__.py -> s3prl-0.4.2/s3prl/downstream
copying s3prl/downstream/model.py -> s3prl-0.4.2/s3prl/downstream
copying s3prl/downstream/runner.py -> s3prl-0.4.2/s3prl/downstream
copying s3prl/downstream/specaug.py -> s3prl-0.4.2/s3prl/downstream
copying s3prl/downstream/a2o-vc-vcc2020/__init__.py -> s3prl-0.4.2/s3prl/downstream/a2o-vc-vcc2020
copying s3prl/downstream/a2o-vc-vcc2020/dataset.py -> s3prl-0.4.2/s3prl/downstream/a2o-vc-vcc2020
copying s3prl/downstream/a2o-vc-vcc2020/evaluate.py -> s3prl-0.4.2/s3prl/downstream/a2o-vc-vcc2020
copying s3prl/downstream/a2o-vc-vcc2020/expert.py -> s3prl-0.4.2/s3prl/downstream/a2o-vc-vcc2020
copying s3prl/downstream/a2o-vc-vcc2020/find_best_epoch.py -> s3prl-0.4.2/s3prl/downstream/a2o-vc-vcc2020
copying s3prl/downstream/a2o-vc-vcc2020/model.py -> s3prl-0.4.2/s3prl/downstream/a2o-vc-vcc2020
copying s3prl/downstream/a2o-vc-vcc2020/utils.py -> s3prl-0.4.2/s3prl/downstream/a2o-vc-vcc2020
copying s3prl/downstream/a2o-vc-vcc2020/vc_evaluate.py -> s3prl-0.4.2/s3prl/downstream/a2o-vc-vcc2020
copying s3prl/downstream/asr/__init__.py -> s3prl-0.4.2/s3prl/downstream/asr
copying s3prl/downstream/asr/dataset.py -> s3prl-0.4.2/s3prl/downstream/asr
copying s3prl/downstream/asr/dictionary.py -> s3prl-0.4.2/s3prl/downstream/asr
copying s3prl/downstream/asr/expert.py -> s3prl-0.4.2/s3prl/downstream/asr
copying s3prl/downstream/asr/model.py -> s3prl-0.4.2/s3prl/downstream/asr
copying s3prl/downstream/asr/w2l_decoder.py -> s3prl-0.4.2/s3prl/downstream/asr
copying s3prl/downstream/asr_lxt/__init__.py -> s3prl-0.4.2/s3prl/downstream/asr_lxt
copying s3prl/downstream/atis/__init__.py -> s3prl-0.4.2/s3prl/downstream/atis
copying s3prl/downstream/atis/dataset.py -> s3prl-0.4.2/s3prl/downstream/atis
copying s3prl/downstream/atis/expert.py -> s3prl-0.4.2/s3prl/downstream/atis
copying s3prl/downstream/atis/model.py -> s3prl-0.4.2/s3prl/downstream/atis
copying s3prl/downstream/audio_snips/__init__.py -> s3prl-0.4.2/s3prl/downstream/audio_snips
copying s3prl/downstream/audio_snips/dataset.py -> s3prl-0.4.2/s3prl/downstream/audio_snips
copying s3prl/downstream/audio_snips/expert.py -> s3prl-0.4.2/s3prl/downstream/audio_snips
copying s3prl/downstream/audio_snips/model.py -> s3prl-0.4.2/s3prl/downstream/audio_snips
copying s3prl/downstream/ctc/__init__.py -> s3prl-0.4.2/s3prl/downstream/ctc
copying s3prl/downstream/ctc/data.py -> s3prl-0.4.2/s3prl/downstream/ctc
copying s3prl/downstream/ctc/expert.py -> s3prl-0.4.2/s3prl/downstream/ctc
copying s3prl/downstream/ctc/metric.py -> s3prl-0.4.2/s3prl/downstream/ctc
copying s3prl/downstream/ctc/text.py -> s3prl-0.4.2/s3prl/downstream/ctc
copying s3prl/downstream/diarization/__init__.py -> s3prl-0.4.2/s3prl/downstream/diarization
copying s3prl/downstream/diarization/dataset.py -> s3prl-0.4.2/s3prl/downstream/diarization
copying s3prl/downstream/diarization/expert.py -> s3prl-0.4.2/s3prl/downstream/diarization
copying s3prl/downstream/diarization/make_rttm.py -> s3prl-0.4.2/s3prl/downstream/diarization
copying s3prl/downstream/diarization/model.py -> s3prl-0.4.2/s3prl/downstream/diarization
copying s3prl/downstream/diarization/utils.py -> s3prl-0.4.2/s3prl/downstream/diarization
copying s3prl/downstream/emotion/IEMOCAP_preprocess.py -> s3prl-0.4.2/s3prl/downstream/emotion
copying s3prl/downstream/emotion/__init__.py -> s3prl-0.4.2/s3prl/downstream/emotion
copying s3prl/downstream/emotion/dataset.py -> s3prl-0.4.2/s3prl/downstream/emotion
copying s3prl/downstream/emotion/expert.py -> s3prl-0.4.2/s3prl/downstream/emotion
copying s3prl/downstream/emotion/model.py -> s3prl-0.4.2/s3prl/downstream/emotion
copying s3prl/downstream/enhancement_stft/__init__.py -> s3prl-0.4.2/s3prl/downstream/enhancement_stft
copying s3prl/downstream/enhancement_stft/dataset.py -> s3prl-0.4.2/s3prl/downstream/enhancement_stft
copying s3prl/downstream/enhancement_stft/expert.py -> s3prl-0.4.2/s3prl/downstream/enhancement_stft
copying s3prl/downstream/enhancement_stft/loss.py -> s3prl-0.4.2/s3prl/downstream/enhancement_stft
copying s3prl/downstream/enhancement_stft/model.py -> s3prl-0.4.2/s3prl/downstream/enhancement_stft
copying s3prl/downstream/example/__init__.py -> s3prl-0.4.2/s3prl/downstream/example
copying s3prl/downstream/example/dataset.py -> s3prl-0.4.2/s3prl/downstream/example
copying s3prl/downstream/example/expert.py -> s3prl-0.4.2/s3prl/downstream/example
copying s3prl/downstream/example/model.py -> s3prl-0.4.2/s3prl/downstream/example
copying s3prl/downstream/fluent_commands/__init__.py -> s3prl-0.4.2/s3prl/downstream/fluent_commands
copying s3prl/downstream/fluent_commands/dataset.py -> s3prl-0.4.2/s3prl/downstream/fluent_commands
copying s3prl/downstream/fluent_commands/expert.py -> s3prl-0.4.2/s3prl/downstream/fluent_commands
copying s3prl/downstream/fluent_commands/model.py -> s3prl-0.4.2/s3prl/downstream/fluent_commands
copying s3prl/downstream/lxt_dtw/__init__.py -> s3prl-0.4.2/s3prl/downstream/lxt_dtw
copying s3prl/downstream/lxt_emotion/__init__.py -> s3prl-0.4.2/s3prl/downstream/lxt_emotion
copying s3prl/downstream/mos_prediction/__init__.py -> s3prl-0.4.2/s3prl/downstream/mos_prediction
copying s3prl/downstream/mos_prediction/dataset.py -> s3prl-0.4.2/s3prl/downstream/mos_prediction
copying s3prl/downstream/mos_prediction/expert.py -> s3prl-0.4.2/s3prl/downstream/mos_prediction
copying s3prl/downstream/mos_prediction/model.py -> s3prl-0.4.2/s3prl/downstream/mos_prediction
copying s3prl/downstream/mosei/__init__.py -> s3prl-0.4.2/s3prl/downstream/mosei
copying s3prl/downstream/mosei/dataset.py -> s3prl-0.4.2/s3prl/downstream/mosei
copying s3prl/downstream/mosei/expert.py -> s3prl-0.4.2/s3prl/downstream/mosei
copying s3prl/downstream/mosei/model.py -> s3prl-0.4.2/s3prl/downstream/mosei
copying s3prl/downstream/phone_1hidden/__init__.py -> s3prl-0.4.2/s3prl/downstream/phone_1hidden
copying s3prl/downstream/phone_1hidden/expert.py -> s3prl-0.4.2/s3prl/downstream/phone_1hidden
copying s3prl/downstream/phone_1hidden/model.py -> s3prl-0.4.2/s3prl/downstream/phone_1hidden
copying s3prl/downstream/phone_linear/__init__.py -> s3prl-0.4.2/s3prl/downstream/phone_linear
copying s3prl/downstream/phone_linear/dataset.py -> s3prl-0.4.2/s3prl/downstream/phone_linear
copying s3prl/downstream/phone_linear/expert.py -> s3prl-0.4.2/s3prl/downstream/phone_linear
copying s3prl/downstream/phone_linear/model.py -> s3prl-0.4.2/s3prl/downstream/phone_linear
copying s3prl/downstream/phone_linear_concat/__init__.py -> s3prl-0.4.2/s3prl/downstream/phone_linear_concat
copying s3prl/downstream/phone_linear_concat/expert.py -> s3prl-0.4.2/s3prl/downstream/phone_linear_concat
copying s3prl/downstream/phone_linear_concat/model.py -> s3prl-0.4.2/s3prl/downstream/phone_linear_concat
copying s3prl/downstream/quesst14_dtw/__init__.py -> s3prl-0.4.2/s3prl/downstream/quesst14_dtw
copying s3prl/downstream/quesst14_dtw/dataset.py -> s3prl-0.4.2/s3prl/downstream/quesst14_dtw
copying s3prl/downstream/quesst14_dtw/expert.py -> s3prl-0.4.2/s3prl/downstream/quesst14_dtw
copying s3prl/downstream/quesst14_embedding/__init__.py -> s3prl-0.4.2/s3prl/downstream/quesst14_embedding
copying s3prl/downstream/quesst14_embedding/expert.py -> s3prl-0.4.2/s3prl/downstream/quesst14_embedding
copying s3prl/downstream/quesst14_embedding/model.py -> s3prl-0.4.2/s3prl/downstream/quesst14_embedding
copying s3prl/downstream/quesst14_embedding/quesst14_testset.py -> s3prl-0.4.2/s3prl/downstream/quesst14_embedding
copying s3prl/downstream/quesst14_embedding/quesst14_trainset.py -> s3prl-0.4.2/s3prl/downstream/quesst14_embedding
copying s3prl/downstream/separation_stft/__init__.py -> s3prl-0.4.2/s3prl/downstream/separation_stft
copying s3prl/downstream/separation_stft/dataset.py -> s3prl-0.4.2/s3prl/downstream/separation_stft
copying s3prl/downstream/separation_stft/expert.py -> s3prl-0.4.2/s3prl/downstream/separation_stft
copying s3prl/downstream/separation_stft/loss.py -> s3prl-0.4.2/s3prl/downstream/separation_stft
copying s3prl/downstream/separation_stft/model.py -> s3prl-0.4.2/s3prl/downstream/separation_stft
copying s3prl/downstream/sid_lxt/__init__.py -> s3prl-0.4.2/s3prl/downstream/sid_lxt
copying s3prl/downstream/speaker_linear_frame_libri/__init__.py -> s3prl-0.4.2/s3prl/downstream/speaker_linear_frame_libri
copying s3prl/downstream/speaker_linear_frame_libri/expert.py -> s3prl-0.4.2/s3prl/downstream/speaker_linear_frame_libri
copying s3prl/downstream/speaker_linear_utter_libri/__init__.py -> s3prl-0.4.2/s3prl/downstream/speaker_linear_utter_libri
copying s3prl/downstream/speaker_linear_utter_libri/dataset.py -> s3prl-0.4.2/s3prl/downstream/speaker_linear_utter_libri
copying s3prl/downstream/speaker_linear_utter_libri/expert.py -> s3prl-0.4.2/s3prl/downstream/speaker_linear_utter_libri
copying s3prl/downstream/speaker_linear_utter_libri/model.py -> s3prl-0.4.2/s3prl/downstream/speaker_linear_utter_libri
copying s3prl/downstream/speech_commands/__init__.py -> s3prl-0.4.2/s3prl/downstream/speech_commands
copying s3prl/downstream/speech_commands/dataset.py -> s3prl-0.4.2/s3prl/downstream/speech_commands
copying s3prl/downstream/speech_commands/expert.py -> s3prl-0.4.2/s3prl/downstream/speech_commands
copying s3prl/downstream/speech_commands/model.py -> s3prl-0.4.2/s3prl/downstream/speech_commands
copying s3prl/downstream/speech_translation/AdditionalDataset.py -> s3prl-0.4.2/s3prl/downstream/speech_translation
copying s3prl/downstream/speech_translation/Fairseq_SpeechToTextDataset.py -> s3prl-0.4.2/s3prl/downstream/speech_translation
copying s3prl/downstream/speech_translation/S3prl_SpeechToTextTask.py -> s3prl-0.4.2/s3prl/downstream/speech_translation
copying s3prl/downstream/speech_translation/__init__.py -> s3prl-0.4.2/s3prl/downstream/speech_translation
copying s3prl/downstream/speech_translation/count_sacreBLEU.py -> s3prl-0.4.2/s3prl/downstream/speech_translation
copying s3prl/downstream/speech_translation/expert.py -> s3prl-0.4.2/s3prl/downstream/speech_translation
copying s3prl/downstream/sv_lxt/__init__.py -> s3prl-0.4.2/s3prl/downstream/sv_lxt
copying s3prl/downstream/sv_lxt_ge2e/__init__.py -> s3prl-0.4.2/s3prl/downstream/sv_lxt_ge2e
copying s3prl/downstream/sv_voxceleb1/__init__.py -> s3prl-0.4.2/s3prl/downstream/sv_voxceleb1
copying s3prl/downstream/sv_voxceleb1/dataset.py -> s3prl-0.4.2/s3prl/downstream/sv_voxceleb1
copying s3prl/downstream/sv_voxceleb1/expert.py -> s3prl-0.4.2/s3prl/downstream/sv_voxceleb1
copying s3prl/downstream/sv_voxceleb1/model.py -> s3prl-0.4.2/s3prl/downstream/sv_voxceleb1
copying s3prl/downstream/sv_voxceleb1/preprocess.py -> s3prl-0.4.2/s3prl/downstream/sv_voxceleb1
copying s3prl/downstream/sv_voxceleb1/utils.py -> s3prl-0.4.2/s3prl/downstream/sv_voxceleb1
copying s3prl/downstream/sws2013/__init__.py -> s3prl-0.4.2/s3prl/downstream/sws2013
copying s3prl/downstream/sws2013/expert.py -> s3prl-0.4.2/s3prl/downstream/sws2013
copying s3prl/downstream/sws2013/model.py -> s3prl-0.4.2/s3prl/downstream/sws2013
copying s3prl/downstream/sws2013/quesst14_dataset.py -> s3prl-0.4.2/s3prl/downstream/sws2013
copying s3prl/downstream/sws2013/sws2013_dataset.py -> s3prl-0.4.2/s3prl/downstream/sws2013
copying s3prl/downstream/sws2013/sws2013_testset.py -> s3prl-0.4.2/s3prl/downstream/sws2013
copying s3prl/downstream/timit_phone/__init__.py -> s3prl-0.4.2/s3prl/downstream/timit_phone
copying s3prl/downstream/timit_phone/expert.py -> s3prl-0.4.2/s3prl/downstream/timit_phone
copying s3prl/downstream/timit_phone/hubconf.py -> s3prl-0.4.2/s3prl/downstream/timit_phone
copying s3prl/downstream/timit_phone/model.py -> s3prl-0.4.2/s3prl/downstream/timit_phone
copying s3prl/downstream/timit_phone/upstream_expert.py -> s3prl-0.4.2/s3prl/downstream/timit_phone
copying s3prl/downstream/timit_phone_1hidden/__init__.py -> s3prl-0.4.2/s3prl/downstream/timit_phone_1hidden
copying s3prl/downstream/timit_phone_1hidden/expert.py -> s3prl-0.4.2/s3prl/downstream/timit_phone_1hidden
copying s3prl/downstream/timit_phone_1hidden/model.py -> s3prl-0.4.2/s3prl/downstream/timit_phone_1hidden
copying s3prl/downstream/timit_phone_linear/__init__.py -> s3prl-0.4.2/s3prl/downstream/timit_phone_linear
copying s3prl/downstream/timit_phone_linear/dataset.py -> s3prl-0.4.2/s3prl/downstream/timit_phone_linear
copying s3prl/downstream/timit_phone_linear/expert.py -> s3prl-0.4.2/s3prl/downstream/timit_phone_linear
copying s3prl/downstream/timit_phone_linear/model.py -> s3prl-0.4.2/s3prl/downstream/timit_phone_linear
copying s3prl/downstream/timit_phone_linear_concat/__init__.py -> s3prl-0.4.2/s3prl/downstream/timit_phone_linear_concat
copying s3prl/downstream/timit_phone_linear_concat/expert.py -> s3prl-0.4.2/s3prl/downstream/timit_phone_linear_concat
copying s3prl/downstream/timit_phone_linear_concat/model.py -> s3prl-0.4.2/s3prl/downstream/timit_phone_linear_concat
copying s3prl/downstream/voxceleb1/__init__.py -> s3prl-0.4.2/s3prl/downstream/voxceleb1
copying s3prl/downstream/voxceleb1/dataset.py -> s3prl-0.4.2/s3prl/downstream/voxceleb1
copying s3prl/downstream/voxceleb1/expert.py -> s3prl-0.4.2/s3prl/downstream/voxceleb1
copying s3prl/downstream/voxceleb1/model.py -> s3prl-0.4.2/s3prl/downstream/voxceleb1
copying s3prl/downstream/voxceleb1_framelevel/__init__.py -> s3prl-0.4.2/s3prl/downstream/voxceleb1_framelevel
copying s3prl/downstream/voxceleb1_framelevel/expert.py -> s3prl-0.4.2/s3prl/downstream/voxceleb1_framelevel
copying s3prl/downstream/voxceleb2_amsoftmax_segment_eval/__init__.py -> s3prl-0.4.2/s3prl/downstream/voxceleb2_amsoftmax_segment_eval
copying s3prl/downstream/voxceleb2_amsoftmax_segment_eval/dataset.py -> s3prl-0.4.2/s3prl/downstream/voxceleb2_amsoftmax_segment_eval
copying s3prl/downstream/voxceleb2_amsoftmax_segment_eval/expert.py -> s3prl-0.4.2/s3prl/downstream/voxceleb2_amsoftmax_segment_eval
copying s3prl/downstream/voxceleb2_amsoftmax_segment_eval/model.py -> s3prl-0.4.2/s3prl/downstream/voxceleb2_amsoftmax_segment_eval
copying s3prl/downstream/voxceleb2_amsoftmax_segment_eval/utils.py -> s3prl-0.4.2/s3prl/downstream/voxceleb2_amsoftmax_segment_eval
copying s3prl/downstream/voxceleb2_ge2e/__init__.py -> s3prl-0.4.2/s3prl/downstream/voxceleb2_ge2e
copying s3prl/downstream/voxceleb2_ge2e/dataset.py -> s3prl-0.4.2/s3prl/downstream/voxceleb2_ge2e
copying s3prl/downstream/voxceleb2_ge2e/expert.py -> s3prl-0.4.2/s3prl/downstream/voxceleb2_ge2e
copying s3prl/downstream/voxceleb2_ge2e/model.py -> s3prl-0.4.2/s3prl/downstream/voxceleb2_ge2e
copying s3prl/downstream/voxceleb2_ge2e/preprocess.py -> s3prl-0.4.2/s3prl/downstream/voxceleb2_ge2e
copying s3prl/downstream/voxceleb2_ge2e/utils.py -> s3prl-0.4.2/s3prl/downstream/voxceleb2_ge2e
copying s3prl/metric/__init__.py -> s3prl-0.4.2/s3prl/metric
copying s3prl/metric/common.py -> s3prl-0.4.2/s3prl/metric
copying s3prl/metric/diarization.py -> s3prl-0.4.2/s3prl/metric
copying s3prl/metric/slot_filling.py -> s3prl-0.4.2/s3prl/metric
copying s3prl/nn/__init__.py -> s3prl-0.4.2/s3prl/nn
copying s3prl/nn/beam_decoder.py -> s3prl-0.4.2/s3prl/nn
copying s3prl/nn/common.py -> s3prl-0.4.2/s3prl/nn
copying s3prl/nn/interface.py -> s3prl-0.4.2/s3prl/nn
copying s3prl/nn/linear.py -> s3prl-0.4.2/s3prl/nn
copying s3prl/nn/pit.py -> s3prl-0.4.2/s3prl/nn
copying s3prl/nn/pooling.py -> s3prl-0.4.2/s3prl/nn
copying s3prl/nn/rnn.py -> s3prl-0.4.2/s3prl/nn
copying s3prl/nn/rnn_apc.py -> s3prl-0.4.2/s3prl/nn
copying s3prl/nn/rnn_vqapc.py -> s3prl-0.4.2/s3prl/nn
copying s3prl/nn/speaker_loss.py -> s3prl-0.4.2/s3prl/nn
copying s3prl/nn/speaker_model.py -> s3prl-0.4.2/s3prl/nn
copying s3prl/nn/specaug.py -> s3prl-0.4.2/s3prl/nn
copying s3prl/nn/transformer_audioalbert.py -> s3prl-0.4.2/s3prl/nn
copying s3prl/nn/transformer_mockingjay.py -> s3prl-0.4.2/s3prl/nn
copying s3prl/nn/transformer_tera.py -> s3prl-0.4.2/s3prl/nn
copying s3prl/nn/upstream.py -> s3prl-0.4.2/s3prl/nn
copying s3prl/nn/upstream_downstream_model.py -> s3prl-0.4.2/s3prl/nn
copying s3prl/nn/vq_apc.py -> s3prl-0.4.2/s3prl/nn
copying s3prl/preprocessor/__init__.py -> s3prl-0.4.2/s3prl/preprocessor
copying s3prl/preprocessor/voxceleb1_sv_preprocessor.py -> s3prl-0.4.2/s3prl/preprocessor
copying s3prl/pretrain/__init__.py -> s3prl-0.4.2/s3prl/pretrain
copying s3prl/pretrain/bucket_dataset.py -> s3prl-0.4.2/s3prl/pretrain
copying s3prl/pretrain/runner.py -> s3prl-0.4.2/s3prl/pretrain
copying s3prl/pretrain/apc/__init__.py -> s3prl-0.4.2/s3prl/pretrain/apc
copying s3prl/pretrain/apc/dataset.py -> s3prl-0.4.2/s3prl/pretrain/apc
copying s3prl/pretrain/apc/pretrain_expert.py -> s3prl-0.4.2/s3prl/pretrain/apc
copying s3prl/pretrain/audio_albert/__init__.py -> s3prl-0.4.2/s3prl/pretrain/audio_albert
copying s3prl/pretrain/audio_albert/pretrain_expert.py -> s3prl-0.4.2/s3prl/pretrain/audio_albert
copying s3prl/pretrain/mockingjay/__init__.py -> s3prl-0.4.2/s3prl/pretrain/mockingjay
copying s3prl/pretrain/mockingjay/dataset.py -> s3prl-0.4.2/s3prl/pretrain/mockingjay
copying s3prl/pretrain/mockingjay/pretrain_expert.py -> s3prl-0.4.2/s3prl/pretrain/mockingjay
copying s3prl/pretrain/mockingjay/task.py -> s3prl-0.4.2/s3prl/pretrain/mockingjay
copying s3prl/pretrain/npc/__init__.py -> s3prl-0.4.2/s3prl/pretrain/npc
copying s3prl/pretrain/npc/dataset.py -> s3prl-0.4.2/s3prl/pretrain/npc
copying s3prl/pretrain/npc/pretrain_expert.py -> s3prl-0.4.2/s3prl/pretrain/npc
copying s3prl/pretrain/spec_augment/__init__.py -> s3prl-0.4.2/s3prl/pretrain/spec_augment
copying s3prl/pretrain/spec_augment/dataset.py -> s3prl-0.4.2/s3prl/pretrain/spec_augment
copying s3prl/pretrain/spec_augment/pretrain_expert.py -> s3prl-0.4.2/s3prl/pretrain/spec_augment
copying s3prl/pretrain/spec_augment/task.py -> s3prl-0.4.2/s3prl/pretrain/spec_augment
copying s3prl/pretrain/tera/__init__.py -> s3prl-0.4.2/s3prl/pretrain/tera
copying s3prl/pretrain/tera/pretrain_expert.py -> s3prl-0.4.2/s3prl/pretrain/tera
copying s3prl/pretrain/vq_apc/__init__.py -> s3prl-0.4.2/s3prl/pretrain/vq_apc
copying s3prl/pretrain/vq_apc/pretrain_expert.py -> s3prl-0.4.2/s3prl/pretrain/vq_apc
copying s3prl/problem/__init__.py -> s3prl-0.4.2/s3prl/problem
copying s3prl/problem/base.py -> s3prl-0.4.2/s3prl/problem
copying s3prl/problem/asr/__init__.py -> s3prl-0.4.2/s3prl/problem/asr
copying s3prl/problem/asr/run.py -> s3prl-0.4.2/s3prl/problem/asr
copying s3prl/problem/asr/superb_asr.py -> s3prl-0.4.2/s3prl/problem/asr
copying s3prl/problem/asr/superb_pr.py -> s3prl-0.4.2/s3prl/problem/asr
copying s3prl/problem/asr/superb_sf.py -> s3prl-0.4.2/s3prl/problem/asr
copying s3prl/problem/asv/__init__.py -> s3prl-0.4.2/s3prl/problem/asv
copying s3prl/problem/asv/run.py -> s3prl-0.4.2/s3prl/problem/asv
copying s3prl/problem/asv/superb_asv.py -> s3prl-0.4.2/s3prl/problem/asv
copying s3prl/problem/common/__init__.py -> s3prl-0.4.2/s3prl/problem/common
copying s3prl/problem/common/run.py -> s3prl-0.4.2/s3prl/problem/common
copying s3prl/problem/common/superb_er.py -> s3prl-0.4.2/s3prl/problem/common
copying s3prl/problem/common/superb_ic.py -> s3prl-0.4.2/s3prl/problem/common
copying s3prl/problem/common/superb_ks.py -> s3prl-0.4.2/s3prl/problem/common
copying s3prl/problem/common/superb_sid.py -> s3prl-0.4.2/s3prl/problem/common
copying s3prl/problem/diarization/__init__.py -> s3prl-0.4.2/s3prl/problem/diarization
copying s3prl/problem/diarization/run.py -> s3prl-0.4.2/s3prl/problem/diarization
copying s3prl/problem/diarization/superb_sd.py -> s3prl-0.4.2/s3prl/problem/diarization
copying s3prl/problem/diarization/util.py -> s3prl-0.4.2/s3prl/problem/diarization
copying s3prl/task/__init__.py -> s3prl-0.4.2/s3prl/task
copying s3prl/task/autoregressive_reconstruction_task.py -> s3prl-0.4.2/s3prl/task
copying s3prl/task/base.py -> s3prl-0.4.2/s3prl/task
copying s3prl/task/diarization.py -> s3prl-0.4.2/s3prl/task
copying s3prl/task/dump_feature.py -> s3prl-0.4.2/s3prl/task
copying s3prl/task/feat_reconstruction_task.py -> s3prl-0.4.2/s3prl/task
copying s3prl/task/speaker_verification_task.py -> s3prl-0.4.2/s3prl/task
copying s3prl/task/speech2text_ctc_task.py -> s3prl-0.4.2/s3prl/task
copying s3prl/task/utterance_classification_task.py -> s3prl-0.4.2/s3prl/task
copying s3prl/upstream/__init__.py -> s3prl-0.4.2/s3prl/upstream
copying s3prl/upstream/interfaces.py -> s3prl-0.4.2/s3prl/upstream
copying s3prl/upstream/utils.py -> s3prl-0.4.2/s3prl/upstream
copying s3prl/upstream/apc/__init__.py -> s3prl-0.4.2/s3prl/upstream/apc
copying s3prl/upstream/apc/apc.py -> s3prl-0.4.2/s3prl/upstream/apc
copying s3prl/upstream/apc/audio.py -> s3prl-0.4.2/s3prl/upstream/apc
copying s3prl/upstream/apc/expert.py -> s3prl-0.4.2/s3prl/upstream/apc
copying s3prl/upstream/apc/hubconf.py -> s3prl-0.4.2/s3prl/upstream/apc
copying s3prl/upstream/apc/vq.py -> s3prl-0.4.2/s3prl/upstream/apc
copying s3prl/upstream/audio_albert/__init__.py -> s3prl-0.4.2/s3prl/upstream/audio_albert
copying s3prl/upstream/audio_albert/builder.py -> s3prl-0.4.2/s3prl/upstream/audio_albert
copying s3prl/upstream/audio_albert/expert.py -> s3prl-0.4.2/s3prl/upstream/audio_albert
copying s3prl/upstream/audio_albert/hubconf.py -> s3prl-0.4.2/s3prl/upstream/audio_albert
copying s3prl/upstream/baseline/__init__.py -> s3prl-0.4.2/s3prl/upstream/baseline
copying s3prl/upstream/baseline/expert.py -> s3prl-0.4.2/s3prl/upstream/baseline
copying s3prl/upstream/baseline/extracter.py -> s3prl-0.4.2/s3prl/upstream/baseline
copying s3prl/upstream/baseline/fbank.yaml -> s3prl-0.4.2/s3prl/upstream/baseline
copying s3prl/upstream/baseline/fbank_no_cmvn.yaml -> s3prl-0.4.2/s3prl/upstream/baseline
copying s3prl/upstream/baseline/hubconf.py -> s3prl-0.4.2/s3prl/upstream/baseline
copying s3prl/upstream/baseline/linear.yaml -> s3prl-0.4.2/s3prl/upstream/baseline
copying s3prl/upstream/baseline/mel.yaml -> s3prl-0.4.2/s3prl/upstream/baseline
copying s3prl/upstream/baseline/mfcc.yaml -> s3prl-0.4.2/s3prl/upstream/baseline
copying s3prl/upstream/baseline/preprocessor.py -> s3prl-0.4.2/s3prl/upstream/baseline
copying s3prl/upstream/baseline/spectrogram.yaml -> s3prl-0.4.2/s3prl/upstream/baseline
copying s3prl/upstream/byol_a/__init__.py -> s3prl-0.4.2/s3prl/upstream/byol_a
copying s3prl/upstream/byol_a/byol_a.py -> s3prl-0.4.2/s3prl/upstream/byol_a
copying s3prl/upstream/byol_a/config.yaml -> s3prl-0.4.2/s3prl/upstream/byol_a
copying s3prl/upstream/byol_a/expert.py -> s3prl-0.4.2/s3prl/upstream/byol_a
copying s3prl/upstream/byol_a/hubconf.py -> s3prl-0.4.2/s3prl/upstream/byol_a
copying s3prl/upstream/cpc/__init__.py -> s3prl-0.4.2/s3prl/upstream/cpc
copying s3prl/upstream/cpc/cpc_default_config.py -> s3prl-0.4.2/s3prl/upstream/cpc
copying s3prl/upstream/cpc/expert.py -> s3prl-0.4.2/s3prl/upstream/cpc
copying s3prl/upstream/cpc/feature_loader.py -> s3prl-0.4.2/s3prl/upstream/cpc
copying s3prl/upstream/cpc/hubconf.py -> s3prl-0.4.2/s3prl/upstream/cpc
copying s3prl/upstream/cpc/model.py -> s3prl-0.4.2/s3prl/upstream/cpc
copying s3prl/upstream/data2vec/__init__.py -> s3prl-0.4.2/s3prl/upstream/data2vec
copying s3prl/upstream/data2vec/convert.py -> s3prl-0.4.2/s3prl/upstream/data2vec
copying s3prl/upstream/data2vec/data2vec_model.py -> s3prl-0.4.2/s3prl/upstream/data2vec
copying s3prl/upstream/data2vec/expert.py -> s3prl-0.4.2/s3prl/upstream/data2vec
copying s3prl/upstream/data2vec/hubconf.py -> s3prl-0.4.2/s3prl/upstream/data2vec
copying s3prl/upstream/decoar/__init__.py -> s3prl-0.4.2/s3prl/upstream/decoar
copying s3prl/upstream/decoar/audio.py -> s3prl-0.4.2/s3prl/upstream/decoar
copying s3prl/upstream/decoar/decoar.py -> s3prl-0.4.2/s3prl/upstream/decoar
copying s3prl/upstream/decoar/expert.py -> s3prl-0.4.2/s3prl/upstream/decoar
copying s3prl/upstream/decoar/hubconf.py -> s3prl-0.4.2/s3prl/upstream/decoar
copying s3prl/upstream/decoar2/__init__.py -> s3prl-0.4.2/s3prl/upstream/decoar2
copying s3prl/upstream/decoar2/audio.py -> s3prl-0.4.2/s3prl/upstream/decoar2
copying s3prl/upstream/decoar2/decoar2.py -> s3prl-0.4.2/s3prl/upstream/decoar2
copying s3prl/upstream/decoar2/expert.py -> s3prl-0.4.2/s3prl/upstream/decoar2
copying s3prl/upstream/decoar2/hubconf.py -> s3prl-0.4.2/s3prl/upstream/decoar2
copying s3prl/upstream/decoar_layers/__init__.py -> s3prl-0.4.2/s3prl/upstream/decoar_layers
copying s3prl/upstream/decoar_layers/audio.py -> s3prl-0.4.2/s3prl/upstream/decoar_layers
copying s3prl/upstream/decoar_layers/decoar.py -> s3prl-0.4.2/s3prl/upstream/decoar_layers
copying s3prl/upstream/decoar_layers/expert.py -> s3prl-0.4.2/s3prl/upstream/decoar_layers
copying s3prl/upstream/decoar_layers/hubconf.py -> s3prl-0.4.2/s3prl/upstream/decoar_layers
copying s3prl/upstream/distiller/__init__.py -> s3prl-0.4.2/s3prl/upstream/distiller
copying s3prl/upstream/distiller/builder.py -> s3prl-0.4.2/s3prl/upstream/distiller
copying s3prl/upstream/distiller/expert.py -> s3prl-0.4.2/s3prl/upstream/distiller
copying s3prl/upstream/distiller/hubconf.py -> s3prl-0.4.2/s3prl/upstream/distiller
copying s3prl/upstream/distiller/model.py -> s3prl-0.4.2/s3prl/upstream/distiller
copying s3prl/upstream/distiller/module.py -> s3prl-0.4.2/s3prl/upstream/distiller
copying s3prl/upstream/example/__init__.py -> s3prl-0.4.2/s3prl/upstream/example
copying s3prl/upstream/example/expert.py -> s3prl-0.4.2/s3prl/upstream/example
copying s3prl/upstream/example/hubconf.py -> s3prl-0.4.2/s3prl/upstream/example
copying s3prl/upstream/hubert/__init__.py -> s3prl-0.4.2/s3prl/upstream/hubert
copying s3prl/upstream/hubert/convert.py -> s3prl-0.4.2/s3prl/upstream/hubert
copying s3prl/upstream/hubert/expert.py -> s3prl-0.4.2/s3prl/upstream/hubert
copying s3prl/upstream/hubert/hubconf.py -> s3prl-0.4.2/s3prl/upstream/hubert
copying s3prl/upstream/hubert/hubert_model.py -> s3prl-0.4.2/s3prl/upstream/hubert
copying s3prl/upstream/log_stft/__init__.py -> s3prl-0.4.2/s3prl/upstream/log_stft
copying s3prl/upstream/log_stft/expert.py -> s3prl-0.4.2/s3prl/upstream/log_stft
copying s3prl/upstream/log_stft/hubconf.py -> s3prl-0.4.2/s3prl/upstream/log_stft
copying s3prl/upstream/log_stft/log_stft_mag.yaml -> s3prl-0.4.2/s3prl/upstream/log_stft
copying s3prl/upstream/log_stft/stft_mag.yaml -> s3prl-0.4.2/s3prl/upstream/log_stft
copying s3prl/upstream/mockingjay/__init__.py -> s3prl-0.4.2/s3prl/upstream/mockingjay
copying s3prl/upstream/mockingjay/builder.py -> s3prl-0.4.2/s3prl/upstream/mockingjay
copying s3prl/upstream/mockingjay/expert.py -> s3prl-0.4.2/s3prl/upstream/mockingjay
copying s3prl/upstream/mockingjay/hubconf.py -> s3prl-0.4.2/s3prl/upstream/mockingjay
copying s3prl/upstream/mockingjay/model.py -> s3prl-0.4.2/s3prl/upstream/mockingjay
copying s3prl/upstream/mockingjay/options.yaml -> s3prl-0.4.2/s3prl/upstream/mockingjay
copying s3prl/upstream/mos_prediction/__init__.py -> s3prl-0.4.2/s3prl/upstream/mos_prediction
copying s3prl/upstream/mos_prediction/expert.py -> s3prl-0.4.2/s3prl/upstream/mos_prediction
copying s3prl/upstream/mos_prediction/hubconf.py -> s3prl-0.4.2/s3prl/upstream/mos_prediction
copying s3prl/upstream/mos_prediction/model.py -> s3prl-0.4.2/s3prl/upstream/mos_prediction
copying s3prl/upstream/mos_prediction/utility.py -> s3prl-0.4.2/s3prl/upstream/mos_prediction
copying s3prl/upstream/npc/__init__.py -> s3prl-0.4.2/s3prl/upstream/npc
copying s3prl/upstream/npc/audio.py -> s3prl-0.4.2/s3prl/upstream/npc
copying s3prl/upstream/npc/expert.py -> s3prl-0.4.2/s3prl/upstream/npc
copying s3prl/upstream/npc/hubconf.py -> s3prl-0.4.2/s3prl/upstream/npc
copying s3prl/upstream/npc/npc.py -> s3prl-0.4.2/s3prl/upstream/npc
copying s3prl/upstream/npc/vq.py -> s3prl-0.4.2/s3prl/upstream/npc
copying s3prl/upstream/pase/__init__.py -> s3prl-0.4.2/s3prl/upstream/pase
copying s3prl/upstream/pase/expert.py -> s3prl-0.4.2/s3prl/upstream/pase
copying s3prl/upstream/pase/hubconf.py -> s3prl-0.4.2/s3prl/upstream/pase
copying s3prl/upstream/roberta/__init__.py -> s3prl-0.4.2/s3prl/upstream/roberta
copying s3prl/upstream/roberta/convert.py -> s3prl-0.4.2/s3prl/upstream/roberta
copying s3prl/upstream/roberta/dictionary.py -> s3prl-0.4.2/s3prl/upstream/roberta
copying s3prl/upstream/roberta/expert.py -> s3prl-0.4.2/s3prl/upstream/roberta
copying s3prl/upstream/roberta/hubconf.py -> s3prl-0.4.2/s3prl/upstream/roberta
copying s3prl/upstream/roberta/roberta_model.py -> s3prl-0.4.2/s3prl/upstream/roberta
copying s3prl/upstream/spec_augment/__init__.py -> s3prl-0.4.2/s3prl/upstream/spec_augment
copying s3prl/upstream/spec_augment/builder.py -> s3prl-0.4.2/s3prl/upstream/spec_augment
copying s3prl/upstream/spec_augment/expert.py -> s3prl-0.4.2/s3prl/upstream/spec_augment
copying s3prl/upstream/spec_augment/hubconf.py -> s3prl-0.4.2/s3prl/upstream/spec_augment
copying s3prl/upstream/tera/__init__.py -> s3prl-0.4.2/s3prl/upstream/tera
copying s3prl/upstream/tera/builder.py -> s3prl-0.4.2/s3prl/upstream/tera
copying s3prl/upstream/tera/expert.py -> s3prl-0.4.2/s3prl/upstream/tera
copying s3prl/upstream/tera/hubconf.py -> s3prl-0.4.2/s3prl/upstream/tera
copying s3prl/upstream/unispeech_sat/__init__.py -> s3prl-0.4.2/s3prl/upstream/unispeech_sat
copying s3prl/upstream/unispeech_sat/expert.py -> s3prl-0.4.2/s3prl/upstream/unispeech_sat
copying s3prl/upstream/unispeech_sat/hubconf.py -> s3prl-0.4.2/s3prl/upstream/unispeech_sat
copying s3prl/upstream/vq_apc/__init__.py -> s3prl-0.4.2/s3prl/upstream/vq_apc
copying s3prl/upstream/vq_apc/expert.py -> s3prl-0.4.2/s3prl/upstream/vq_apc
copying s3prl/upstream/vq_apc/hubconf.py -> s3prl-0.4.2/s3prl/upstream/vq_apc
copying s3prl/upstream/vq_wav2vec/__init__.py -> s3prl-0.4.2/s3prl/upstream/vq_wav2vec
copying s3prl/upstream/vq_wav2vec/convert.py -> s3prl-0.4.2/s3prl/upstream/vq_wav2vec
copying s3prl/upstream/vq_wav2vec/expert.py -> s3prl-0.4.2/s3prl/upstream/vq_wav2vec
copying s3prl/upstream/vq_wav2vec/hubconf.py -> s3prl-0.4.2/s3prl/upstream/vq_wav2vec
copying s3prl/upstream/wav2vec/__init__.py -> s3prl-0.4.2/s3prl/upstream/wav2vec
copying s3prl/upstream/wav2vec/convert.py -> s3prl-0.4.2/s3prl/upstream/wav2vec
copying s3prl/upstream/wav2vec/expert.py -> s3prl-0.4.2/s3prl/upstream/wav2vec
copying s3prl/upstream/wav2vec/hubconf.py -> s3prl-0.4.2/s3prl/upstream/wav2vec
copying s3prl/upstream/wav2vec/wav2vec_model.py -> s3prl-0.4.2/s3prl/upstream/wav2vec
copying s3prl/upstream/wav2vec2/__init__.py -> s3prl-0.4.2/s3prl/upstream/wav2vec2
copying s3prl/upstream/wav2vec2/convert.py -> s3prl-0.4.2/s3prl/upstream/wav2vec2
copying s3prl/upstream/wav2vec2/expert.py -> s3prl-0.4.2/s3prl/upstream/wav2vec2
copying s3prl/upstream/wav2vec2/hubconf.py -> s3prl-0.4.2/s3prl/upstream/wav2vec2
copying s3prl/upstream/wav2vec2/wav2vec2_model.py -> s3prl-0.4.2/s3prl/upstream/wav2vec2
copying s3prl/upstream/wavlm/WavLM.py -> s3prl-0.4.2/s3prl/upstream/wavlm
copying s3prl/upstream/wavlm/__init__.py -> s3prl-0.4.2/s3prl/upstream/wavlm
copying s3prl/upstream/wavlm/expert.py -> s3prl-0.4.2/s3prl/upstream/wavlm
copying s3prl/upstream/wavlm/hubconf.py -> s3prl-0.4.2/s3prl/upstream/wavlm
copying s3prl/upstream/wavlm/modules.py -> s3prl-0.4.2/s3prl/upstream/wavlm
copying s3prl/util/__init__.py -> s3prl-0.4.2/s3prl/util
copying s3prl/util/benchmark.py -> s3prl-0.4.2/s3prl/util
copying s3prl/util/download.py -> s3prl-0.4.2/s3prl/util
copying s3prl/util/override.py -> s3prl-0.4.2/s3prl/util
copying s3prl/util/pseudo_data.py -> s3prl-0.4.2/s3prl/util
copying s3prl/util/seed.py -> s3prl-0.4.2/s3prl/util
copying s3prl/utility/__init__.py -> s3prl-0.4.2/s3prl/utility
copying s3prl/utility/add_config_to_ckpt.py -> s3prl-0.4.2/s3prl/utility
copying s3prl/utility/allclose.py -> s3prl-0.4.2/s3prl/utility
copying s3prl/utility/audio.py -> s3prl-0.4.2/s3prl/utility
copying s3prl/utility/check_hub.py -> s3prl-0.4.2/s3prl/utility
copying s3prl/utility/compare_wav2vec2.py -> s3prl-0.4.2/s3prl/utility
copying s3prl/utility/compute_acc.py -> s3prl-0.4.2/s3prl/utility
copying s3prl/utility/data.py -> s3prl-0.4.2/s3prl/utility
copying s3prl/utility/download.py -> s3prl-0.4.2/s3prl/utility
copying s3prl/utility/extract_pase.py -> s3prl-0.4.2/s3prl/utility
copying s3prl/utility/extract_sample.py -> s3prl-0.4.2/s3prl/utility
copying s3prl/utility/extract_settings.py -> s3prl-0.4.2/s3prl/utility
copying s3prl/utility/fix_ckpt.py -> s3prl-0.4.2/s3prl/utility
copying s3prl/utility/get_best_dev.py -> s3prl-0.4.2/s3prl/utility
copying s3prl/utility/get_best_score.py -> s3prl-0.4.2/s3prl/utility
copying s3prl/utility/helper.py -> s3prl-0.4.2/s3prl/utility
copying s3prl/utility/observe_ckpt.py -> s3prl-0.4.2/s3prl/utility
copying s3prl/utility/observe_input.py -> s3prl-0.4.2/s3prl/utility
copying s3prl/utility/observe_lnsr.py -> s3prl-0.4.2/s3prl/utility
copying s3prl/utility/observe_speaker.py -> s3prl-0.4.2/s3prl/utility
copying s3prl/utility/observe_weights.py -> s3prl-0.4.2/s3prl/utility
copying s3prl/utility/overwrite_settings.py -> s3prl-0.4.2/s3prl/utility
copying s3prl/utility/print_settings.py -> s3prl-0.4.2/s3prl/utility
copying s3prl/utility/print_url_cache_path.py -> s3prl-0.4.2/s3prl/utility
copying s3prl/utility/run_sig_test.py -> s3prl-0.4.2/s3prl/utility
copying s3prl/utility/timer.py -> s3prl-0.4.2/s3prl/utility
copying s3prl/utility/visualize_weight.py -> s3prl-0.4.2/s3prl/utility
copying test/test_balanced_weighted_sampler.py -> s3prl-0.4.2/test
copying test/test_beam_decoder.py -> s3prl-0.4.2/test
copying test/test_chunks.py -> s3prl-0.4.2/test
copying test/test_common_pipe.py -> s3prl-0.4.2/test
copying test/test_download.py -> s3prl-0.4.2/test
copying test/test_er.py -> s3prl-0.4.2/test
copying test/test_fluent_commands.py -> s3prl-0.4.2/test
copying test/test_g2p.py -> s3prl-0.4.2/test
copying test/test_librispeech.py -> s3prl-0.4.2/test
copying test/test_linear.py -> s3prl-0.4.2/test
copying test/test_metric.py -> s3prl-0.4.2/test
copying test/test_quesst14.py -> s3prl-0.4.2/test
copying test/test_rnn.py -> s3prl-0.4.2/test
copying test/test_sampler.py -> s3prl-0.4.2/test
copying test/test_snips.py -> s3prl-0.4.2/test
copying test/test_sorted_sampler.py -> s3prl-0.4.2/test
copying test/test_sox.py -> s3prl-0.4.2/test
copying test/test_specaug_model.py -> s3prl-0.4.2/test
copying test/test_speech2text_pipe.py -> s3prl-0.4.2/test
copying test/test_speech_commands.py -> s3prl-0.4.2/test
copying test/test_tokenizer.py -> s3prl-0.4.2/test
copying test/test_upstream.py -> s3prl-0.4.2/test
copying test/test_version.py -> s3prl-0.4.2/test
copying test/test_vocabulary.py -> s3prl-0.4.2/test
copying test/test_voxceleb1sid.py -> s3prl-0.4.2/test
Writing s3prl-0.4.2/setup.cfg
creating '.tox/dist/s3prl-0.4.2.zip' and adding 's3prl-0.4.2' to it
adding 's3prl-0.4.2'
adding 's3prl-0.4.2/s3prl.egg-info'
adding 's3prl-0.4.2/test'
adding 's3prl-0.4.2/requirements'
adding 's3prl-0.4.2/s3prl'
adding 's3prl-0.4.2/README.md'
adding 's3prl-0.4.2/setup.cfg'
adding 's3prl-0.4.2/setup.py'
adding 's3prl-0.4.2/PKG-INFO'
adding 's3prl-0.4.2/s3prl.egg-info/top_level.txt'
adding 's3prl-0.4.2/s3prl.egg-info/PKG-INFO'
adding 's3prl-0.4.2/s3prl.egg-info/requires.txt'
adding 's3prl-0.4.2/s3prl.egg-info/entry_points.txt'
adding 's3prl-0.4.2/s3prl.egg-info/dependency_links.txt'
adding 's3prl-0.4.2/s3prl.egg-info/SOURCES.txt'
adding 's3prl-0.4.2/test/test_chunks.py'
adding 's3prl-0.4.2/test/test_linear.py'
adding 's3prl-0.4.2/test/test_speech_commands.py'
adding 's3prl-0.4.2/test/test_sampler.py'
adding 's3prl-0.4.2/test/test_fluent_commands.py'
adding 's3prl-0.4.2/test/test_quesst14.py'
adding 's3prl-0.4.2/test/test_tokenizer.py'
adding 's3prl-0.4.2/test/test_snips.py'
adding 's3prl-0.4.2/test/test_balanced_weighted_sampler.py'
adding 's3prl-0.4.2/test/test_voxceleb1sid.py'
adding 's3prl-0.4.2/test/test_sorted_sampler.py'
adding 's3prl-0.4.2/test/test_specaug_model.py'
adding 's3prl-0.4.2/test/test_g2p.py'
adding 's3prl-0.4.2/test/test_metric.py'
adding 's3prl-0.4.2/test/test_rnn.py'
adding 's3prl-0.4.2/test/test_vocabulary.py'
adding 's3prl-0.4.2/test/test_version.py'
adding 's3prl-0.4.2/test/test_er.py'
adding 's3prl-0.4.2/test/test_librispeech.py'
adding 's3prl-0.4.2/test/test_speech2text_pipe.py'
adding 's3prl-0.4.2/test/test_download.py'
adding 's3prl-0.4.2/test/test_upstream.py'
adding 's3prl-0.4.2/test/test_sox.py'
adding 's3prl-0.4.2/test/test_common_pipe.py'
adding 's3prl-0.4.2/test/test_beam_decoder.py'
adding 's3prl-0.4.2/requirements/install.txt'
adding 's3prl-0.4.2/requirements/all.txt'
adding 's3prl-0.4.2/requirements/dev.txt'
adding 's3prl-0.4.2/s3prl/pretrain'
adding 's3prl-0.4.2/s3prl/dataio'
adding 's3prl-0.4.2/s3prl/preprocessor'
adding 's3prl-0.4.2/s3prl/problem'
adding 's3prl-0.4.2/s3prl/dataset'
adding 's3prl-0.4.2/s3prl/task'
adding 's3prl-0.4.2/s3prl/nn'
adding 's3prl-0.4.2/s3prl/downstream'
adding 's3prl-0.4.2/s3prl/upstream'
adding 's3prl-0.4.2/s3prl/utility'
adding 's3prl-0.4.2/s3prl/util'
adding 's3prl-0.4.2/s3prl/metric'
adding 's3prl-0.4.2/s3prl/optimizers.py'
adding 's3prl-0.4.2/s3prl/__init__.py'
adding 's3prl-0.4.2/s3prl/version.txt'
adding 's3prl-0.4.2/s3prl/run_downstream.py'
adding 's3prl-0.4.2/s3prl/run_pretrain.py'
adding 's3prl-0.4.2/s3prl/hub.py'
adding 's3prl-0.4.2/s3prl/main.py'
adding 's3prl-0.4.2/s3prl/schedulers.py'
adding 's3prl-0.4.2/s3prl/pretrain/npc'
adding 's3prl-0.4.2/s3prl/pretrain/vq_apc'
adding 's3prl-0.4.2/s3prl/pretrain/spec_augment'
adding 's3prl-0.4.2/s3prl/pretrain/tera'
adding 's3prl-0.4.2/s3prl/pretrain/audio_albert'
adding 's3prl-0.4.2/s3prl/pretrain/mockingjay'
adding 's3prl-0.4.2/s3prl/pretrain/apc'
adding 's3prl-0.4.2/s3prl/pretrain/bucket_dataset.py'
adding 's3prl-0.4.2/s3prl/pretrain/__init__.py'
adding 's3prl-0.4.2/s3prl/pretrain/runner.py'
adding 's3prl-0.4.2/s3prl/pretrain/npc/__init__.py'
adding 's3prl-0.4.2/s3prl/pretrain/npc/pretrain_expert.py'
adding 's3prl-0.4.2/s3prl/pretrain/npc/dataset.py'
adding 's3prl-0.4.2/s3prl/pretrain/vq_apc/__init__.py'
adding 's3prl-0.4.2/s3prl/pretrain/vq_apc/pretrain_expert.py'
adding 's3prl-0.4.2/s3prl/pretrain/spec_augment/task.py'
adding 's3prl-0.4.2/s3prl/pretrain/spec_augment/__init__.py'
adding 's3prl-0.4.2/s3prl/pretrain/spec_augment/pretrain_expert.py'
adding 's3prl-0.4.2/s3prl/pretrain/spec_augment/dataset.py'
adding 's3prl-0.4.2/s3prl/pretrain/tera/__init__.py'
adding 's3prl-0.4.2/s3prl/pretrain/tera/pretrain_expert.py'
adding 's3prl-0.4.2/s3prl/pretrain/audio_albert/__init__.py'
adding 's3prl-0.4.2/s3prl/pretrain/audio_albert/pretrain_expert.py'
adding 's3prl-0.4.2/s3prl/pretrain/mockingjay/task.py'
adding 's3prl-0.4.2/s3prl/pretrain/mockingjay/__init__.py'
adding 's3prl-0.4.2/s3prl/pretrain/mockingjay/pretrain_expert.py'
adding 's3prl-0.4.2/s3prl/pretrain/mockingjay/dataset.py'
adding 's3prl-0.4.2/s3prl/pretrain/apc/__init__.py'
adding 's3prl-0.4.2/s3prl/pretrain/apc/pretrain_expert.py'
adding 's3prl-0.4.2/s3prl/pretrain/apc/dataset.py'
adding 's3prl-0.4.2/s3prl/dataio/encoder'
adding 's3prl-0.4.2/s3prl/dataio/corpus'
adding 's3prl-0.4.2/s3prl/dataio/sampler'
adding 's3prl-0.4.2/s3prl/dataio/__init__.py'
adding 's3prl-0.4.2/s3prl/dataio/encoder/__init__.py'
adding 's3prl-0.4.2/s3prl/dataio/encoder/tokenizer.py'
adding 's3prl-0.4.2/s3prl/dataio/encoder/g2p.py'
adding 's3prl-0.4.2/s3prl/dataio/encoder/category.py'
adding 's3prl-0.4.2/s3prl/dataio/encoder/vocabulary.py'
adding 's3prl-0.4.2/s3prl/dataio/corpus/iemocap.py'
adding 's3prl-0.4.2/s3prl/dataio/corpus/kaldi.py'
adding 's3prl-0.4.2/s3prl/dataio/corpus/fluent_speech_commands.py'
adding 's3prl-0.4.2/s3prl/dataio/corpus/voxceleb1sid.py'
adding 's3prl-0.4.2/s3prl/dataio/corpus/__init__.py'
adding 's3prl-0.4.2/s3prl/dataio/corpus/speech_commands.py'
adding 's3prl-0.4.2/s3prl/dataio/corpus/snips.py'
adding 's3prl-0.4.2/s3prl/dataio/corpus/librispeech_for_pretrain.py'
adding 's3prl-0.4.2/s3prl/dataio/corpus/base.py'
adding 's3prl-0.4.2/s3prl/dataio/corpus/librilight.py'
adding 's3prl-0.4.2/s3prl/dataio/corpus/quesst14.py'
adding 's3prl-0.4.2/s3prl/dataio/corpus/voxceleb1sv.py'
adding 's3prl-0.4.2/s3prl/dataio/corpus/librispeech.py'
adding 's3prl-0.4.2/s3prl/dataio/sampler/distributed_sampler.py'
adding 's3prl-0.4.2/s3prl/dataio/sampler/balanced_weighted_sampler.py'
adding 's3prl-0.4.2/s3prl/dataio/sampler/sorted_sampler.py'
adding 's3prl-0.4.2/s3prl/dataio/sampler/max_timestamp_batch_sampler.py'
adding 's3prl-0.4.2/s3prl/dataio/sampler/__init__.py'
adding 's3prl-0.4.2/s3prl/dataio/sampler/fixed_batch_size_batch_sampler.py'
adding 's3prl-0.4.2/s3prl/dataio/sampler/group_same_item_sampler.py'
adding 's3prl-0.4.2/s3prl/preprocessor/__init__.py'
adding 's3prl-0.4.2/s3prl/preprocessor/voxceleb1_sv_preprocessor.py'
adding 's3prl-0.4.2/s3prl/problem/asr'
adding 's3prl-0.4.2/s3prl/problem/asv'
adding 's3prl-0.4.2/s3prl/problem/common'
adding 's3prl-0.4.2/s3prl/problem/diarization'
adding 's3prl-0.4.2/s3prl/problem/__init__.py'
adding 's3prl-0.4.2/s3prl/problem/base.py'
adding 's3prl-0.4.2/s3prl/problem/asr/superb_asr.py'
adding 's3prl-0.4.2/s3prl/problem/asr/__init__.py'
adding 's3prl-0.4.2/s3prl/problem/asr/run.py'
adding 's3prl-0.4.2/s3prl/problem/asr/superb_pr.py'
adding 's3prl-0.4.2/s3prl/problem/asr/superb_sf.py'
adding 's3prl-0.4.2/s3prl/problem/asv/__init__.py'
adding 's3prl-0.4.2/s3prl/problem/asv/run.py'
adding 's3prl-0.4.2/s3prl/problem/asv/superb_asv.py'
adding 's3prl-0.4.2/s3prl/problem/common/superb_ic.py'
adding 's3prl-0.4.2/s3prl/problem/common/superb_sid.py'
adding 's3prl-0.4.2/s3prl/problem/common/__init__.py'
adding 's3prl-0.4.2/s3prl/problem/common/run.py'
adding 's3prl-0.4.2/s3prl/problem/common/superb_er.py'
adding 's3prl-0.4.2/s3prl/problem/common/superb_ks.py'
adding 's3prl-0.4.2/s3prl/problem/diarization/util.py'
adding 's3prl-0.4.2/s3prl/problem/diarization/__init__.py'
adding 's3prl-0.4.2/s3prl/problem/diarization/run.py'
adding 's3prl-0.4.2/s3prl/problem/diarization/superb_sd.py'
adding 's3prl-0.4.2/s3prl/dataset/masked_reconstruction_pipes.py'
adding 's3prl-0.4.2/s3prl/dataset/noise_augmentation_pipes.py'
adding 's3prl-0.4.2/s3prl/dataset/extract_feat_pipes.py'
adding 's3prl-0.4.2/s3prl/dataset/norm_wav_pipes.py'
adding 's3prl-0.4.2/s3prl/dataset/pretrain_tera_pipe.py'
adding 's3prl-0.4.2/s3prl/dataset/__init__.py'
adding 's3prl-0.4.2/s3prl/dataset/speech2text_pipe.py'
adding 's3prl-0.4.2/s3prl/dataset/utterance_classification_pipe.py'
adding 's3prl-0.4.2/s3prl/dataset/pretrain_audioalbert_pipe.py'
adding 's3prl-0.4.2/s3prl/dataset/multiclass_tagging.py'
adding 's3prl-0.4.2/s3prl/dataset/pretrain_apc_pipe.py'
adding 's3prl-0.4.2/s3prl/dataset/diarization.py'
adding 's3prl-0.4.2/s3prl/dataset/base.py'
adding 's3prl-0.4.2/s3prl/dataset/chunking.py'
adding 's3prl-0.4.2/s3prl/dataset/autoregressive_prediction_pipes.py'
adding 's3prl-0.4.2/s3prl/dataset/speaker_verification_pipe.py'
adding 's3prl-0.4.2/s3prl/dataset/common_pipes.py'
adding 's3prl-0.4.2/s3prl/dataset/pretrain_mockingjay_pipe.py'
adding 's3prl-0.4.2/s3prl/dataset/speech2phoneme_pipe.py'
adding 's3prl-0.4.2/s3prl/task/autoregressive_reconstruction_task.py'
adding 's3prl-0.4.2/s3prl/task/feat_reconstruction_task.py'
adding 's3prl-0.4.2/s3prl/task/dump_feature.py'
adding 's3prl-0.4.2/s3prl/task/__init__.py'
adding 's3prl-0.4.2/s3prl/task/diarization.py'
adding 's3prl-0.4.2/s3prl/task/base.py'
adding 's3prl-0.4.2/s3prl/task/speech2text_ctc_task.py'
adding 's3prl-0.4.2/s3prl/task/utterance_classification_task.py'
adding 's3prl-0.4.2/s3prl/task/speaker_verification_task.py'
adding 's3prl-0.4.2/s3prl/nn/beam_decoder.py'
adding 's3prl-0.4.2/s3prl/nn/transformer_audioalbert.py'
adding 's3prl-0.4.2/s3prl/nn/linear.py'
adding 's3prl-0.4.2/s3prl/nn/__init__.py'
adding 's3prl-0.4.2/s3prl/nn/pit.py'
adding 's3prl-0.4.2/s3prl/nn/common.py'
adding 's3prl-0.4.2/s3prl/nn/upstream_downstream_model.py'
adding 's3prl-0.4.2/s3prl/nn/pooling.py'
adding 's3prl-0.4.2/s3prl/nn/upstream.py'
adding 's3prl-0.4.2/s3prl/nn/speaker_loss.py'
adding 's3prl-0.4.2/s3prl/nn/speaker_model.py'
adding 's3prl-0.4.2/s3prl/nn/transformer_mockingjay.py'
adding 's3prl-0.4.2/s3prl/nn/vq_apc.py'
adding 's3prl-0.4.2/s3prl/nn/interface.py'
adding 's3prl-0.4.2/s3prl/nn/rnn_vqapc.py'
adding 's3prl-0.4.2/s3prl/nn/rnn.py'
adding 's3prl-0.4.2/s3prl/nn/specaug.py'
adding 's3prl-0.4.2/s3prl/nn/transformer_tera.py'
adding 's3prl-0.4.2/s3prl/nn/rnn_apc.py'
adding 's3prl-0.4.2/s3prl/downstream/atis'
adding 's3prl-0.4.2/s3prl/downstream/mos_prediction'
adding 's3prl-0.4.2/s3prl/downstream/voxceleb2_amsoftmax_segment_eval'
adding 's3prl-0.4.2/s3prl/downstream/speech_translation'
adding 's3prl-0.4.2/s3prl/downstream/a2o-vc-vcc2020'
adding 's3prl-0.4.2/s3prl/downstream/voxceleb1_framelevel'
adding 's3prl-0.4.2/s3prl/downstream/example'
adding 's3prl-0.4.2/s3prl/downstream/timit_phone'
adding 's3prl-0.4.2/s3prl/downstream/sid_lxt'
adding 's3prl-0.4.2/s3prl/downstream/asr'
adding 's3prl-0.4.2/s3prl/downstream/audio_snips'
adding 's3prl-0.4.2/s3prl/downstream/sv_voxceleb1'
adding 's3prl-0.4.2/s3prl/downstream/timit_phone_1hidden'
adding 's3prl-0.4.2/s3prl/downstream/mosei'
adding 's3prl-0.4.2/s3prl/downstream/quesst14_embedding'
adding 's3prl-0.4.2/s3prl/downstream/phone_linear'
adding 's3prl-0.4.2/s3prl/downstream/enhancement_stft'
adding 's3prl-0.4.2/s3prl/downstream/quesst14_dtw'
adding 's3prl-0.4.2/s3prl/downstream/phone_1hidden'
adding 's3prl-0.4.2/s3prl/downstream/sv_lxt'
adding 's3prl-0.4.2/s3prl/downstream/fluent_commands'
adding 's3prl-0.4.2/s3prl/downstream/timit_phone_linear_concat'
adding 's3prl-0.4.2/s3prl/downstream/speaker_linear_utter_libri'
adding 's3prl-0.4.2/s3prl/downstream/diarization'
adding 's3prl-0.4.2/s3prl/downstream/lxt_emotion'
adding 's3prl-0.4.2/s3prl/downstream/speaker_linear_frame_libri'
adding 's3prl-0.4.2/s3prl/downstream/voxceleb1'
adding 's3prl-0.4.2/s3prl/downstream/speech_commands'
adding 's3prl-0.4.2/s3prl/downstream/sv_lxt_ge2e'
adding 's3prl-0.4.2/s3prl/downstream/separation_stft'
adding 's3prl-0.4.2/s3prl/downstream/asr_lxt'
adding 's3prl-0.4.2/s3prl/downstream/emotion'
adding 's3prl-0.4.2/s3prl/downstream/ctc'
adding 's3prl-0.4.2/s3prl/downstream/lxt_dtw'
adding 's3prl-0.4.2/s3prl/downstream/sws2013'
adding 's3prl-0.4.2/s3prl/downstream/timit_phone_linear'
adding 's3prl-0.4.2/s3prl/downstream/voxceleb2_ge2e'
adding 's3prl-0.4.2/s3prl/downstream/phone_linear_concat'
adding 's3prl-0.4.2/s3prl/downstream/__init__.py'
adding 's3prl-0.4.2/s3prl/downstream/model.py'
adding 's3prl-0.4.2/s3prl/downstream/runner.py'
adding 's3prl-0.4.2/s3prl/downstream/specaug.py'
adding 's3prl-0.4.2/s3prl/downstream/atis/__init__.py'
adding 's3prl-0.4.2/s3prl/downstream/atis/model.py'
adding 's3prl-0.4.2/s3prl/downstream/atis/dataset.py'
adding 's3prl-0.4.2/s3prl/downstream/atis/expert.py'
adding 's3prl-0.4.2/s3prl/downstream/mos_prediction/__init__.py'
adding 's3prl-0.4.2/s3prl/downstream/mos_prediction/model.py'
adding 's3prl-0.4.2/s3prl/downstream/mos_prediction/dataset.py'
adding 's3prl-0.4.2/s3prl/downstream/mos_prediction/expert.py'
adding 's3prl-0.4.2/s3prl/downstream/voxceleb2_amsoftmax_segment_eval/utils.py'
adding 's3prl-0.4.2/s3prl/downstream/voxceleb2_amsoftmax_segment_eval/__init__.py'
adding 's3prl-0.4.2/s3prl/downstream/voxceleb2_amsoftmax_segment_eval/model.py'
adding 's3prl-0.4.2/s3prl/downstream/voxceleb2_amsoftmax_segment_eval/dataset.py'
adding 's3prl-0.4.2/s3prl/downstream/voxceleb2_amsoftmax_segment_eval/expert.py'
adding 's3prl-0.4.2/s3prl/downstream/speech_translation/count_sacreBLEU.py'
adding 's3prl-0.4.2/s3prl/downstream/speech_translation/__init__.py'
adding 's3prl-0.4.2/s3prl/downstream/speech_translation/Fairseq_SpeechToTextDataset.py'
adding 's3prl-0.4.2/s3prl/downstream/speech_translation/expert.py'
adding 's3prl-0.4.2/s3prl/downstream/speech_translation/S3prl_SpeechToTextTask.py'
adding 's3prl-0.4.2/s3prl/downstream/speech_translation/AdditionalDataset.py'
adding 's3prl-0.4.2/s3prl/downstream/a2o-vc-vcc2020/utils.py'
adding 's3prl-0.4.2/s3prl/downstream/a2o-vc-vcc2020/__init__.py'
adding 's3prl-0.4.2/s3prl/downstream/a2o-vc-vcc2020/model.py'
adding 's3prl-0.4.2/s3prl/downstream/a2o-vc-vcc2020/find_best_epoch.py'
adding 's3prl-0.4.2/s3prl/downstream/a2o-vc-vcc2020/vc_evaluate.py'
adding 's3prl-0.4.2/s3prl/downstream/a2o-vc-vcc2020/evaluate.py'
adding 's3prl-0.4.2/s3prl/downstream/a2o-vc-vcc2020/dataset.py'
adding 's3prl-0.4.2/s3prl/downstream/a2o-vc-vcc2020/expert.py'
adding 's3prl-0.4.2/s3prl/downstream/voxceleb1_framelevel/__init__.py'
adding 's3prl-0.4.2/s3prl/downstream/voxceleb1_framelevel/expert.py'
adding 's3prl-0.4.2/s3prl/downstream/example/__init__.py'
adding 's3prl-0.4.2/s3prl/downstream/example/model.py'
adding 's3prl-0.4.2/s3prl/downstream/example/dataset.py'
adding 's3prl-0.4.2/s3prl/downstream/example/expert.py'
adding 's3prl-0.4.2/s3prl/downstream/timit_phone/__init__.py'
adding 's3prl-0.4.2/s3prl/downstream/timit_phone/model.py'
adding 's3prl-0.4.2/s3prl/downstream/timit_phone/upstream_expert.py'
adding 's3prl-0.4.2/s3prl/downstream/timit_phone/hubconf.py'
adding 's3prl-0.4.2/s3prl/downstream/timit_phone/expert.py'
adding 's3prl-0.4.2/s3prl/downstream/sid_lxt/__init__.py'
adding 's3prl-0.4.2/s3prl/downstream/asr/__init__.py'
adding 's3prl-0.4.2/s3prl/downstream/asr/model.py'
adding 's3prl-0.4.2/s3prl/downstream/asr/dataset.py'
adding 's3prl-0.4.2/s3prl/downstream/asr/expert.py'
adding 's3prl-0.4.2/s3prl/downstream/asr/dictionary.py'
adding 's3prl-0.4.2/s3prl/downstream/asr/w2l_decoder.py'
adding 's3prl-0.4.2/s3prl/downstream/audio_snips/__init__.py'
adding 's3prl-0.4.2/s3prl/downstream/audio_snips/model.py'
adding 's3prl-0.4.2/s3prl/downstream/audio_snips/dataset.py'
adding 's3prl-0.4.2/s3prl/downstream/audio_snips/expert.py'
adding 's3prl-0.4.2/s3prl/downstream/sv_voxceleb1/utils.py'
adding 's3prl-0.4.2/s3prl/downstream/sv_voxceleb1/__init__.py'
adding 's3prl-0.4.2/s3prl/downstream/sv_voxceleb1/model.py'
adding 's3prl-0.4.2/s3prl/downstream/sv_voxceleb1/dataset.py'
adding 's3prl-0.4.2/s3prl/downstream/sv_voxceleb1/expert.py'
adding 's3prl-0.4.2/s3prl/downstream/sv_voxceleb1/preprocess.py'
adding 's3prl-0.4.2/s3prl/downstream/timit_phone_1hidden/__init__.py'
adding 's3prl-0.4.2/s3prl/downstream/timit_phone_1hidden/model.py'
adding 's3prl-0.4.2/s3prl/downstream/timit_phone_1hidden/expert.py'
adding 's3prl-0.4.2/s3prl/downstream/mosei/__init__.py'
adding 's3prl-0.4.2/s3prl/downstream/mosei/model.py'
adding 's3prl-0.4.2/s3prl/downstream/mosei/dataset.py'
adding 's3prl-0.4.2/s3prl/downstream/mosei/expert.py'
adding 's3prl-0.4.2/s3prl/downstream/quesst14_embedding/quesst14_trainset.py'
adding 's3prl-0.4.2/s3prl/downstream/quesst14_embedding/quesst14_testset.py'
adding 's3prl-0.4.2/s3prl/downstream/quesst14_embedding/__init__.py'
adding 's3prl-0.4.2/s3prl/downstream/quesst14_embedding/model.py'
adding 's3prl-0.4.2/s3prl/downstream/quesst14_embedding/expert.py'
adding 's3prl-0.4.2/s3prl/downstream/phone_linear/__init__.py'
adding 's3prl-0.4.2/s3prl/downstream/phone_linear/model.py'
adding 's3prl-0.4.2/s3prl/downstream/phone_linear/dataset.py'
adding 's3prl-0.4.2/s3prl/downstream/phone_linear/expert.py'
adding 's3prl-0.4.2/s3prl/downstream/enhancement_stft/__init__.py'
adding 's3prl-0.4.2/s3prl/downstream/enhancement_stft/model.py'
adding 's3prl-0.4.2/s3prl/downstream/enhancement_stft/loss.py'
adding 's3prl-0.4.2/s3prl/downstream/enhancement_stft/dataset.py'
adding 's3prl-0.4.2/s3prl/downstream/enhancement_stft/expert.py'
adding 's3prl-0.4.2/s3prl/downstream/quesst14_dtw/__init__.py'
adding 's3prl-0.4.2/s3prl/downstream/quesst14_dtw/dataset.py'
adding 's3prl-0.4.2/s3prl/downstream/quesst14_dtw/expert.py'
adding 's3prl-0.4.2/s3prl/downstream/phone_1hidden/__init__.py'
adding 's3prl-0.4.2/s3prl/downstream/phone_1hidden/model.py'
adding 's3prl-0.4.2/s3prl/downstream/phone_1hidden/expert.py'
adding 's3prl-0.4.2/s3prl/downstream/sv_lxt/__init__.py'
adding 's3prl-0.4.2/s3prl/downstream/fluent_commands/__init__.py'
adding 's3prl-0.4.2/s3prl/downstream/fluent_commands/model.py'
adding 's3prl-0.4.2/s3prl/downstream/fluent_commands/dataset.py'
adding 's3prl-0.4.2/s3prl/downstream/fluent_commands/expert.py'
adding 's3prl-0.4.2/s3prl/downstream/timit_phone_linear_concat/__init__.py'
adding 's3prl-0.4.2/s3prl/downstream/timit_phone_linear_concat/model.py'
adding 's3prl-0.4.2/s3prl/downstream/timit_phone_linear_concat/expert.py'
adding 's3prl-0.4.2/s3prl/downstream/speaker_linear_utter_libri/__init__.py'
adding 's3prl-0.4.2/s3prl/downstream/speaker_linear_utter_libri/model.py'
adding 's3prl-0.4.2/s3prl/downstream/speaker_linear_utter_libri/dataset.py'
adding 's3prl-0.4.2/s3prl/downstream/speaker_linear_utter_libri/expert.py'
adding 's3prl-0.4.2/s3prl/downstream/diarization/make_rttm.py'
adding 's3prl-0.4.2/s3prl/downstream/diarization/utils.py'
adding 's3prl-0.4.2/s3prl/downstream/diarization/__init__.py'
adding 's3prl-0.4.2/s3prl/downstream/diarization/model.py'
adding 's3prl-0.4.2/s3prl/downstream/diarization/dataset.py'
adding 's3prl-0.4.2/s3prl/downstream/diarization/expert.py'
adding 's3prl-0.4.2/s3prl/downstream/lxt_emotion/__init__.py'
adding 's3prl-0.4.2/s3prl/downstream/speaker_linear_frame_libri/__init__.py'
adding 's3prl-0.4.2/s3prl/downstream/speaker_linear_frame_libri/expert.py'
adding 's3prl-0.4.2/s3prl/downstream/voxceleb1/__init__.py'
adding 's3prl-0.4.2/s3prl/downstream/voxceleb1/model.py'
adding 's3prl-0.4.2/s3prl/downstream/voxceleb1/dataset.py'
adding 's3prl-0.4.2/s3prl/downstream/voxceleb1/expert.py'
adding 's3prl-0.4.2/s3prl/downstream/speech_commands/__init__.py'
adding 's3prl-0.4.2/s3prl/downstream/speech_commands/model.py'
adding 's3prl-0.4.2/s3prl/downstream/speech_commands/dataset.py'
adding 's3prl-0.4.2/s3prl/downstream/speech_commands/expert.py'
adding 's3prl-0.4.2/s3prl/downstream/sv_lxt_ge2e/__init__.py'
adding 's3prl-0.4.2/s3prl/downstream/separation_stft/__init__.py'
adding 's3prl-0.4.2/s3prl/downstream/separation_stft/model.py'
adding 's3prl-0.4.2/s3prl/downstream/separation_stft/loss.py'
adding 's3prl-0.4.2/s3prl/downstream/separation_stft/dataset.py'
adding 's3prl-0.4.2/s3prl/downstream/separation_stft/expert.py'
adding 's3prl-0.4.2/s3prl/downstream/asr_lxt/__init__.py'
adding 's3prl-0.4.2/s3prl/downstream/emotion/IEMOCAP_preprocess.py'
adding 's3prl-0.4.2/s3prl/downstream/emotion/__init__.py'
adding 's3prl-0.4.2/s3prl/downstream/emotion/model.py'
adding 's3prl-0.4.2/s3prl/downstream/emotion/dataset.py'
adding 's3prl-0.4.2/s3prl/downstream/emotion/expert.py'
adding 's3prl-0.4.2/s3prl/downstream/ctc/data.py'
adding 's3prl-0.4.2/s3prl/downstream/ctc/__init__.py'
adding 's3prl-0.4.2/s3prl/downstream/ctc/metric.py'
adding 's3prl-0.4.2/s3prl/downstream/ctc/expert.py'
adding 's3prl-0.4.2/s3prl/downstream/ctc/text.py'
adding 's3prl-0.4.2/s3prl/downstream/lxt_dtw/__init__.py'
adding 's3prl-0.4.2/s3prl/downstream/sws2013/quesst14_dataset.py'
adding 's3prl-0.4.2/s3prl/downstream/sws2013/sws2013_testset.py'
adding 's3prl-0.4.2/s3prl/downstream/sws2013/__init__.py'
adding 's3prl-0.4.2/s3prl/downstream/sws2013/model.py'
adding 's3prl-0.4.2/s3prl/downstream/sws2013/sws2013_dataset.py'
adding 's3prl-0.4.2/s3prl/downstream/sws2013/expert.py'
adding 's3prl-0.4.2/s3prl/downstream/timit_phone_linear/__init__.py'
adding 's3prl-0.4.2/s3prl/downstream/timit_phone_linear/model.py'
adding 's3prl-0.4.2/s3prl/downstream/timit_phone_linear/dataset.py'
adding 's3prl-0.4.2/s3prl/downstream/timit_phone_linear/expert.py'
adding 's3prl-0.4.2/s3prl/downstream/voxceleb2_ge2e/utils.py'
adding 's3prl-0.4.2/s3prl/downstream/voxceleb2_ge2e/__init__.py'
adding 's3prl-0.4.2/s3prl/downstream/voxceleb2_ge2e/model.py'
adding 's3prl-0.4.2/s3prl/downstream/voxceleb2_ge2e/dataset.py'
adding 's3prl-0.4.2/s3prl/downstream/voxceleb2_ge2e/expert.py'
adding 's3prl-0.4.2/s3prl/downstream/voxceleb2_ge2e/preprocess.py'
adding 's3prl-0.4.2/s3prl/downstream/phone_linear_concat/__init__.py'
adding 's3prl-0.4.2/s3prl/downstream/phone_linear_concat/model.py'
adding 's3prl-0.4.2/s3prl/downstream/phone_linear_concat/expert.py'
adding 's3prl-0.4.2/s3prl/upstream/log_stft'
adding 's3prl-0.4.2/s3prl/upstream/wav2vec2'
adding 's3prl-0.4.2/s3prl/upstream/mos_prediction'
adding 's3prl-0.4.2/s3prl/upstream/roberta'
adding 's3prl-0.4.2/s3prl/upstream/unispeech_sat'
adding 's3prl-0.4.2/s3prl/upstream/hubert'
adding 's3prl-0.4.2/s3prl/upstream/example'
adding 's3prl-0.4.2/s3prl/upstream/cpc'
adding 's3prl-0.4.2/s3prl/upstream/decoar_layers'
adding 's3prl-0.4.2/s3prl/upstream/decoar'
adding 's3prl-0.4.2/s3prl/upstream/npc'
adding 's3prl-0.4.2/s3prl/upstream/data2vec'
adding 's3prl-0.4.2/s3prl/upstream/pase'
adding 's3prl-0.4.2/s3prl/upstream/vq_apc'
adding 's3prl-0.4.2/s3prl/upstream/wav2vec'
adding 's3prl-0.4.2/s3prl/upstream/spec_augment'
adding 's3prl-0.4.2/s3prl/upstream/wavlm'
adding 's3prl-0.4.2/s3prl/upstream/byol_a'
adding 's3prl-0.4.2/s3prl/upstream/decoar2'
adding 's3prl-0.4.2/s3prl/upstream/distiller'
adding 's3prl-0.4.2/s3prl/upstream/tera'
adding 's3prl-0.4.2/s3prl/upstream/audio_albert'
adding 's3prl-0.4.2/s3prl/upstream/baseline'
adding 's3prl-0.4.2/s3prl/upstream/vq_wav2vec'
adding 's3prl-0.4.2/s3prl/upstream/mockingjay'
adding 's3prl-0.4.2/s3prl/upstream/apc'
adding 's3prl-0.4.2/s3prl/upstream/interfaces.py'
adding 's3prl-0.4.2/s3prl/upstream/utils.py'
adding 's3prl-0.4.2/s3prl/upstream/__init__.py'
adding 's3prl-0.4.2/s3prl/upstream/log_stft/__init__.py'
adding 's3prl-0.4.2/s3prl/upstream/log_stft/stft_mag.yaml'
adding 's3prl-0.4.2/s3prl/upstream/log_stft/log_stft_mag.yaml'
adding 's3prl-0.4.2/s3prl/upstream/log_stft/hubconf.py'
adding 's3prl-0.4.2/s3prl/upstream/log_stft/expert.py'
adding 's3prl-0.4.2/s3prl/upstream/wav2vec2/wav2vec2_model.py'
adding 's3prl-0.4.2/s3prl/upstream/wav2vec2/convert.py'
adding 's3prl-0.4.2/s3prl/upstream/wav2vec2/__init__.py'
adding 's3prl-0.4.2/s3prl/upstream/wav2vec2/hubconf.py'
adding 's3prl-0.4.2/s3prl/upstream/wav2vec2/expert.py'
adding 's3prl-0.4.2/s3prl/upstream/mos_prediction/__init__.py'
adding 's3prl-0.4.2/s3prl/upstream/mos_prediction/model.py'
adding 's3prl-0.4.2/s3prl/upstream/mos_prediction/hubconf.py'
adding 's3prl-0.4.2/s3prl/upstream/mos_prediction/expert.py'
adding 's3prl-0.4.2/s3prl/upstream/mos_prediction/utility.py'
adding 's3prl-0.4.2/s3prl/upstream/roberta/convert.py'
adding 's3prl-0.4.2/s3prl/upstream/roberta/__init__.py'
adding 's3prl-0.4.2/s3prl/upstream/roberta/roberta_model.py'
adding 's3prl-0.4.2/s3prl/upstream/roberta/hubconf.py'
adding 's3prl-0.4.2/s3prl/upstream/roberta/expert.py'
adding 's3prl-0.4.2/s3prl/upstream/roberta/dictionary.py'
adding 's3prl-0.4.2/s3prl/upstream/unispeech_sat/__init__.py'
adding 's3prl-0.4.2/s3prl/upstream/unispeech_sat/hubconf.py'
adding 's3prl-0.4.2/s3prl/upstream/unispeech_sat/expert.py'
adding 's3prl-0.4.2/s3prl/upstream/hubert/convert.py'
adding 's3prl-0.4.2/s3prl/upstream/hubert/__init__.py'
adding 's3prl-0.4.2/s3prl/upstream/hubert/hubert_model.py'
adding 's3prl-0.4.2/s3prl/upstream/hubert/hubconf.py'
adding 's3prl-0.4.2/s3prl/upstream/hubert/expert.py'
adding 's3prl-0.4.2/s3prl/upstream/example/__init__.py'
adding 's3prl-0.4.2/s3prl/upstream/example/hubconf.py'
adding 's3prl-0.4.2/s3prl/upstream/example/expert.py'
adding 's3prl-0.4.2/s3prl/upstream/cpc/cpc_default_config.py'
adding 's3prl-0.4.2/s3prl/upstream/cpc/__init__.py'
adding 's3prl-0.4.2/s3prl/upstream/cpc/model.py'
adding 's3prl-0.4.2/s3prl/upstream/cpc/hubconf.py'
adding 's3prl-0.4.2/s3prl/upstream/cpc/feature_loader.py'
adding 's3prl-0.4.2/s3prl/upstream/cpc/expert.py'
adding 's3prl-0.4.2/s3prl/upstream/decoar_layers/decoar.py'
adding 's3prl-0.4.2/s3prl/upstream/decoar_layers/__init__.py'
adding 's3prl-0.4.2/s3prl/upstream/decoar_layers/hubconf.py'
adding 's3prl-0.4.2/s3prl/upstream/decoar_layers/expert.py'
adding 's3prl-0.4.2/s3prl/upstream/decoar_layers/audio.py'
adding 's3prl-0.4.2/s3prl/upstream/decoar/decoar.py'
adding 's3prl-0.4.2/s3prl/upstream/decoar/__init__.py'
adding 's3prl-0.4.2/s3prl/upstream/decoar/hubconf.py'
adding 's3prl-0.4.2/s3prl/upstream/decoar/expert.py'
adding 's3prl-0.4.2/s3prl/upstream/decoar/audio.py'
adding 's3prl-0.4.2/s3prl/upstream/npc/vq.py'
adding 's3prl-0.4.2/s3prl/upstream/npc/__init__.py'
adding 's3prl-0.4.2/s3prl/upstream/npc/hubconf.py'
adding 's3prl-0.4.2/s3prl/upstream/npc/npc.py'
adding 's3prl-0.4.2/s3prl/upstream/npc/expert.py'
adding 's3prl-0.4.2/s3prl/upstream/npc/audio.py'
adding 's3prl-0.4.2/s3prl/upstream/data2vec/convert.py'
adding 's3prl-0.4.2/s3prl/upstream/data2vec/__init__.py'
adding 's3prl-0.4.2/s3prl/upstream/data2vec/data2vec_model.py'
adding 's3prl-0.4.2/s3prl/upstream/data2vec/hubconf.py'
adding 's3prl-0.4.2/s3prl/upstream/data2vec/expert.py'
adding 's3prl-0.4.2/s3prl/upstream/pase/__init__.py'
adding 's3prl-0.4.2/s3prl/upstream/pase/hubconf.py'
adding 's3prl-0.4.2/s3prl/upstream/pase/expert.py'
adding 's3prl-0.4.2/s3prl/upstream/vq_apc/__init__.py'
adding 's3prl-0.4.2/s3prl/upstream/vq_apc/hubconf.py'
adding 's3prl-0.4.2/s3prl/upstream/vq_apc/expert.py'
adding 's3prl-0.4.2/s3prl/upstream/wav2vec/convert.py'
adding 's3prl-0.4.2/s3prl/upstream/wav2vec/__init__.py'
adding 's3prl-0.4.2/s3prl/upstream/wav2vec/wav2vec_model.py'
adding 's3prl-0.4.2/s3prl/upstream/wav2vec/hubconf.py'
adding 's3prl-0.4.2/s3prl/upstream/wav2vec/expert.py'
adding 's3prl-0.4.2/s3prl/upstream/spec_augment/builder.py'
adding 's3prl-0.4.2/s3prl/upstream/spec_augment/__init__.py'
adding 's3prl-0.4.2/s3prl/upstream/spec_augment/hubconf.py'
adding 's3prl-0.4.2/s3prl/upstream/spec_augment/expert.py'
adding 's3prl-0.4.2/s3prl/upstream/wavlm/__init__.py'
adding 's3prl-0.4.2/s3prl/upstream/wavlm/hubconf.py'
adding 's3prl-0.4.2/s3prl/upstream/wavlm/expert.py'
adding 's3prl-0.4.2/s3prl/upstream/wavlm/modules.py'
adding 's3prl-0.4.2/s3prl/upstream/wavlm/WavLM.py'
adding 's3prl-0.4.2/s3prl/upstream/byol_a/config.yaml'
adding 's3prl-0.4.2/s3prl/upstream/byol_a/__init__.py'
adding 's3prl-0.4.2/s3prl/upstream/byol_a/hubconf.py'
adding 's3prl-0.4.2/s3prl/upstream/byol_a/byol_a.py'
adding 's3prl-0.4.2/s3prl/upstream/byol_a/expert.py'
adding 's3prl-0.4.2/s3prl/upstream/decoar2/__init__.py'
adding 's3prl-0.4.2/s3prl/upstream/decoar2/hubconf.py'
adding 's3prl-0.4.2/s3prl/upstream/decoar2/expert.py'
adding 's3prl-0.4.2/s3prl/upstream/decoar2/audio.py'
adding 's3prl-0.4.2/s3prl/upstream/decoar2/decoar2.py'
adding 's3prl-0.4.2/s3prl/upstream/distiller/module.py'
adding 's3prl-0.4.2/s3prl/upstream/distiller/builder.py'
adding 's3prl-0.4.2/s3prl/upstream/distiller/__init__.py'
adding 's3prl-0.4.2/s3prl/upstream/distiller/model.py'
adding 's3prl-0.4.2/s3prl/upstream/distiller/hubconf.py'
adding 's3prl-0.4.2/s3prl/upstream/distiller/expert.py'
adding 's3prl-0.4.2/s3prl/upstream/tera/builder.py'
adding 's3prl-0.4.2/s3prl/upstream/tera/__init__.py'
adding 's3prl-0.4.2/s3prl/upstream/tera/hubconf.py'
adding 's3prl-0.4.2/s3prl/upstream/tera/expert.py'
adding 's3prl-0.4.2/s3prl/upstream/audio_albert/builder.py'
adding 's3prl-0.4.2/s3prl/upstream/audio_albert/__init__.py'
adding 's3prl-0.4.2/s3prl/upstream/audio_albert/hubconf.py'
adding 's3prl-0.4.2/s3prl/upstream/audio_albert/expert.py'
adding 's3prl-0.4.2/s3prl/upstream/baseline/extracter.py'
adding 's3prl-0.4.2/s3prl/upstream/baseline/linear.yaml'
adding 's3prl-0.4.2/s3prl/upstream/baseline/mel.yaml'
adding 's3prl-0.4.2/s3prl/upstream/baseline/fbank.yaml'
adding 's3prl-0.4.2/s3prl/upstream/baseline/fbank_no_cmvn.yaml'
adding 's3prl-0.4.2/s3prl/upstream/baseline/__init__.py'
adding 's3prl-0.4.2/s3prl/upstream/baseline/spectrogram.yaml'
adding 's3prl-0.4.2/s3prl/upstream/baseline/hubconf.py'
adding 's3prl-0.4.2/s3prl/upstream/baseline/preprocessor.py'
adding 's3prl-0.4.2/s3prl/upstream/baseline/expert.py'
adding 's3prl-0.4.2/s3prl/upstream/baseline/mfcc.yaml'
adding 's3prl-0.4.2/s3prl/upstream/vq_wav2vec/convert.py'
adding 's3prl-0.4.2/s3prl/upstream/vq_wav2vec/__init__.py'
adding 's3prl-0.4.2/s3prl/upstream/vq_wav2vec/hubconf.py'
adding 's3prl-0.4.2/s3prl/upstream/vq_wav2vec/expert.py'
adding 's3prl-0.4.2/s3prl/upstream/mockingjay/builder.py'
adding 's3prl-0.4.2/s3prl/upstream/mockingjay/options.yaml'
adding 's3prl-0.4.2/s3prl/upstream/mockingjay/__init__.py'
adding 's3prl-0.4.2/s3prl/upstream/mockingjay/model.py'
adding 's3prl-0.4.2/s3prl/upstream/mockingjay/hubconf.py'
adding 's3prl-0.4.2/s3prl/upstream/mockingjay/expert.py'
adding 's3prl-0.4.2/s3prl/upstream/apc/vq.py'
adding 's3prl-0.4.2/s3prl/upstream/apc/apc.py'
adding 's3prl-0.4.2/s3prl/upstream/apc/__init__.py'
adding 's3prl-0.4.2/s3prl/upstream/apc/hubconf.py'
adding 's3prl-0.4.2/s3prl/upstream/apc/expert.py'
adding 's3prl-0.4.2/s3prl/upstream/apc/audio.py'
adding 's3prl-0.4.2/s3prl/utility/run_sig_test.py'
adding 's3prl-0.4.2/s3prl/utility/compare_wav2vec2.py'
adding 's3prl-0.4.2/s3prl/utility/get_best_dev.py'
adding 's3prl-0.4.2/s3prl/utility/data.py'
adding 's3prl-0.4.2/s3prl/utility/allclose.py'
adding 's3prl-0.4.2/s3prl/utility/observe_lnsr.py'
adding 's3prl-0.4.2/s3prl/utility/add_config_to_ckpt.py'
adding 's3prl-0.4.2/s3prl/utility/get_best_score.py'
adding 's3prl-0.4.2/s3prl/utility/observe_input.py'
adding 's3prl-0.4.2/s3prl/utility/observe_speaker.py'
adding 's3prl-0.4.2/s3prl/utility/check_hub.py'
adding 's3prl-0.4.2/s3prl/utility/__init__.py'
adding 's3prl-0.4.2/s3prl/utility/observe_weights.py'
adding 's3prl-0.4.2/s3prl/utility/print_url_cache_path.py'
adding 's3prl-0.4.2/s3prl/utility/compute_acc.py'
adding 's3prl-0.4.2/s3prl/utility/extract_pase.py'
adding 's3prl-0.4.2/s3prl/utility/download.py'
adding 's3prl-0.4.2/s3prl/utility/print_settings.py'
adding 's3prl-0.4.2/s3prl/utility/extract_sample.py'
adding 's3prl-0.4.2/s3prl/utility/helper.py'
adding 's3prl-0.4.2/s3prl/utility/extract_settings.py'
adding 's3prl-0.4.2/s3prl/utility/overwrite_settings.py'
adding 's3prl-0.4.2/s3prl/utility/timer.py'
adding 's3prl-0.4.2/s3prl/utility/visualize_weight.py'
adding 's3prl-0.4.2/s3prl/utility/audio.py'
adding 's3prl-0.4.2/s3prl/utility/fix_ckpt.py'
adding 's3prl-0.4.2/s3prl/utility/observe_ckpt.py'
adding 's3prl-0.4.2/s3prl/util/__init__.py'
adding 's3prl-0.4.2/s3prl/util/override.py'
adding 's3prl-0.4.2/s3prl/util/seed.py'
adding 's3prl-0.4.2/s3prl/util/benchmark.py'
adding 's3prl-0.4.2/s3prl/util/download.py'
adding 's3prl-0.4.2/s3prl/util/pseudo_data.py'
adding 's3prl-0.4.2/s3prl/metric/__init__.py'
adding 's3prl-0.4.2/s3prl/metric/common.py'
adding 's3prl-0.4.2/s3prl/metric/diarization.py'
adding 's3prl-0.4.2/s3prl/metric/slot_filling.py'
removing 's3prl-0.4.2' (and everything under it)
